{"total": {"lines":{"total":1000,"covered":436,"skipped":0,"pct":43.6},"statements":{"total":1119,"covered":477,"skipped":0,"pct":42.62},"functions":{"total":290,"covered":139,"skipped":0,"pct":47.93},"branches":{"total":737,"covered":304,"skipped":0,"pct":41.24},"branchesTrue":{"total":0,"covered":0,"skipped":0,"pct":100}}
,"C:\\Users\\User\\TSpecProj\\my-app\\src\\App.jsx": {"lines":{"total":1,"covered":0,"skipped":0,"pct":0},"functions":{"total":1,"covered":0,"skipped":0,"pct":0},"statements":{"total":1,"covered":0,"skipped":0,"pct":0},"branches":{"total":0,"covered":0,"skipped":0,"pct":100}}
,"C:\\Users\\User\\TSpecProj\\my-app\\src\\firebase.jsx": {"lines":{"total":5,"covered":0,"skipped":0,"pct":0},"functions":{"total":0,"covered":0,"skipped":0,"pct":100},"statements":{"total":5,"covered":0,"skipped":0,"pct":0},"branches":{"total":0,"covered":0,"skipped":0,"pct":100}}
,"C:\\Users\\User\\TSpecProj\\my-app\\src\\firebaseConfig.jsx": {"lines":{"total":1,"covered":0,"skipped":0,"pct":0},"functions":{"total":0,"covered":0,"skipped":0,"pct":100},"statements":{"total":1,"covered":0,"skipped":0,"pct":0},"branches":{"total":0,"covered":0,"skipped":0,"pct":100}}
,"C:\\Users\\User\\TSpecProj\\my-app\\src\\index.jsx": {"lines":{"total":2,"covered":0,"skipped":0,"pct":0},"functions":{"total":0,"covered":0,"skipped":0,"pct":100},"statements":{"total":2,"covered":0,"skipped":0,"pct":0},"branches":{"total":0,"covered":0,"skipped":0,"pct":100}}
,"C:\\Users\\User\\TSpecProj\\my-app\\src\\components\\ApplicationsPanel.jsx": {"lines":{"total":7,"covered":0,"skipped":0,"pct":0},"functions":{"total":2,"covered":0,"skipped":0,"pct":0},"statements":{"total":7,"covered":0,"skipped":0,"pct":0},"branches":{"total":0,"covered":0,"skipped":0,"pct":100}}
,"C:\\Users\\User\\TSpecProj\\my-app\\src\\components\\nqfSelect.jsx": {"lines":{"total":36,"covered":11,"skipped":0,"pct":30.55},"functions":{"total":19,"covered":3,"skipped":0,"pct":15.78},"statements":{"total":42,"covered":12,"skipped":0,"pct":28.57},"branches":{"total":32,"covered":5,"skipped":0,"pct":15.62}}
,"C:\\Users\\User\\TSpecProj\\my-app\\src\\components\\roleSelector.jsx": {"lines":{"total":0,"covered":0,"skipped":0,"pct":0},"functions":{"total":0,"covered":0,"skipped":0,"pct":0},"statements":{"total":0,"covered":0,"skipped":0,"pct":0},"branches":{"total":0,"covered":0,"skipped":0,"pct":0}}
,"C:\\Users\\User\\TSpecProj\\my-app\\src\\components\\signupApplicant.jsx": {"lines":{"total":21,"covered":11,"skipped":0,"pct":52.38},"functions":{"total":6,"covered":5,"skipped":0,"pct":83.33},"statements":{"total":24,"covered":13,"skipped":0,"pct":54.16},"branches":{"total":8,"covered":2,"skipped":0,"pct":25}}
,"C:\\Users\\User\\TSpecProj\\my-app\\src\\components\\signupProvider.jsx": {"lines":{"total":33,"covered":13,"skipped":0,"pct":39.39},"functions":{"total":8,"covered":6,"skipped":0,"pct":75},"statements":{"total":41,"covered":15,"skipped":0,"pct":36.58},"branches":{"total":20,"covered":2,"skipped":0,"pct":10}}
,"C:\\Users\\User\\TSpecProj\\my-app\\src\\components\\admin\\adminSidebar.jsx": {"lines":{"total":8,"covered":0,"skipped":0,"pct":0},"functions":{"total":3,"covered":0,"skipped":0,"pct":0},"statements":{"total":9,"covered":0,"skipped":0,"pct":0},"branches":{"total":6,"covered":0,"skipped":0,"pct":0}}
,"C:\\Users\\User\\TSpecProj\\my-app\\src\\components\\applicant\\Dashboard.jsx": {"lines":{"total":1,"covered":0,"skipped":0,"pct":0},"functions":{"total":1,"covered":0,"skipped":0,"pct":0},"statements":{"total":1,"covered":0,"skipped":0,"pct":0},"branches":{"total":0,"covered":0,"skipped":0,"pct":100}}
,"C:\\Users\\User\\TSpecProj\\my-app\\src\\components\\applicant\\OpportunityList.jsx": {"lines":{"total":5,"covered":0,"skipped":0,"pct":0},"functions":{"total":3,"covered":0,"skipped":0,"pct":0},"statements":{"total":5,"covered":0,"skipped":0,"pct":0},"branches":{"total":2,"covered":0,"skipped":0,"pct":0}}
,"C:\\Users\\User\\TSpecProj\\my-app\\src\\components\\applicantDashboard\\ApplicantProfile.jsx": {"lines":{"total":51,"covered":37,"skipped":0,"pct":72.54},"functions":{"total":15,"covered":10,"skipped":0,"pct":66.66},"statements":{"total":54,"covered":39,"skipped":0,"pct":72.22},"branches":{"total":28,"covered":18,"skipped":0,"pct":64.28}}
,"C:\\Users\\User\\TSpecProj\\my-app\\src\\components\\applicantDashboard\\CreateProfile.jsx": {"lines":{"total":28,"covered":26,"skipped":0,"pct":92.85},"functions":{"total":5,"covered":5,"skipped":0,"pct":100},"statements":{"total":30,"covered":27,"skipped":0,"pct":90},"branches":{"total":8,"covered":7,"skipped":0,"pct":87.5}}
,"C:\\Users\\User\\TSpecProj\\my-app\\src\\components\\applicantDashboard\\Dashboard.jsx": {"lines":{"total":15,"covered":0,"skipped":0,"pct":0},"functions":{"total":8,"covered":0,"skipped":0,"pct":0},"statements":{"total":15,"covered":0,"skipped":0,"pct":0},"branches":{"total":0,"covered":0,"skipped":0,"pct":100}}
,"C:\\Users\\User\\TSpecProj\\my-app\\src\\components\\applicantDashboard\\MyApplications.jsx": {"lines":{"total":16,"covered":10,"skipped":0,"pct":62.5},"functions":{"total":7,"covered":4,"skipped":0,"pct":57.14},"statements":{"total":18,"covered":12,"skipped":0,"pct":66.66},"branches":{"total":42,"covered":8,"skipped":0,"pct":19.04}}
,"C:\\Users\\User\\TSpecProj\\my-app\\src\\components\\applicantDashboard\\OpportunityList.jsx": {"lines":{"total":16,"covered":0,"skipped":0,"pct":0},"functions":{"total":7,"covered":0,"skipped":0,"pct":0},"statements":{"total":19,"covered":0,"skipped":0,"pct":0},"branches":{"total":25,"covered":0,"skipped":0,"pct":0}}
,"C:\\Users\\User\\TSpecProj\\my-app\\src\\context\\AuthContext.jsx": {"lines":{"total":20,"covered":0,"skipped":0,"pct":0},"functions":{"total":5,"covered":0,"skipped":0,"pct":0},"statements":{"total":21,"covered":0,"skipped":0,"pct":0},"branches":{"total":6,"covered":0,"skipped":0,"pct":0}}
,"C:\\Users\\User\\TSpecProj\\my-app\\src\\controllers\\adminController.jsx": {"lines":{"total":6,"covered":6,"skipped":0,"pct":100},"functions":{"total":3,"covered":3,"skipped":0,"pct":100},"statements":{"total":8,"covered":8,"skipped":0,"pct":100},"branches":{"total":0,"covered":0,"skipped":0,"pct":100}}
,"C:\\Users\\User\\TSpecProj\\my-app\\src\\pages\\loginPage.jsx": {"lines":{"total":24,"covered":4,"skipped":0,"pct":16.66},"functions":{"total":2,"covered":1,"skipped":0,"pct":50},"statements":{"total":24,"covered":4,"skipped":0,"pct":16.66},"branches":{"total":10,"covered":1,"skipped":0,"pct":10}}
,"C:\\Users\\User\\TSpecProj\\my-app\\src\\pages\\signupPage.jsx": {"lines":{"total":6,"covered":0,"skipped":0,"pct":0},"functions":{"total":3,"covered":0,"skipped":0,"pct":0},"statements":{"total":6,"covered":0,"skipped":0,"pct":0},"branches":{"total":2,"covered":0,"skipped":0,"pct":0}}
,"C:\\Users\\User\\TSpecProj\\my-app\\src\\pages\\ProviderDashboard\\ProviderDashboard.jsx": {"lines":{"total":25,"covered":0,"skipped":0,"pct":0},"functions":{"total":9,"covered":0,"skipped":0,"pct":0},"statements":{"total":30,"covered":0,"skipped":0,"pct":0},"branches":{"total":17,"covered":0,"skipped":0,"pct":0}}
,"C:\\Users\\User\\TSpecProj\\my-app\\src\\pages\\ProviderDashboard\\components\\ApplicationsPanel.jsx": {"lines":{"total":52,"covered":52,"skipped":0,"pct":100},"functions":{"total":19,"covered":19,"skipped":0,"pct":100},"statements":{"total":54,"covered":54,"skipped":0,"pct":100},"branches":{"total":70,"covered":65,"skipped":0,"pct":92.85}}
,"C:\\Users\\User\\TSpecProj\\my-app\\src\\pages\\ProviderDashboard\\components\\CreateOpportunityForm.jsx": {"lines":{"total":34,"covered":34,"skipped":0,"pct":100},"functions":{"total":6,"covered":6,"skipped":0,"pct":100},"statements":{"total":40,"covered":40,"skipped":0,"pct":100},"branches":{"total":40,"covered":40,"skipped":0,"pct":100}}
,"C:\\Users\\User\\TSpecProj\\my-app\\src\\pages\\ProviderDashboard\\components\\ListingsPanel.jsx": {"lines":{"total":84,"covered":84,"skipped":0,"pct":100},"functions":{"total":26,"covered":26,"skipped":0,"pct":100},"statements":{"total":93,"covered":88,"skipped":0,"pct":94.62},"branches":{"total":88,"covered":64,"skipped":0,"pct":72.72}}
,"C:\\Users\\User\\TSpecProj\\my-app\\src\\pages\\ProviderDashboard\\components\\Navbar.jsx": {"lines":{"total":3,"covered":3,"skipped":0,"pct":100},"functions":{"total":2,"covered":2,"skipped":0,"pct":100},"statements":{"total":3,"covered":3,"skipped":0,"pct":100},"branches":{"total":4,"covered":4,"skipped":0,"pct":100}}
,"C:\\Users\\User\\TSpecProj\\my-app\\src\\pages\\ProviderDashboard\\components\\NotificationsPanel.jsx": {"lines":{"total":40,"covered":40,"skipped":0,"pct":100},"functions":{"total":17,"covered":17,"skipped":0,"pct":100},"statements":{"total":54,"covered":51,"skipped":0,"pct":94.44},"branches":{"total":43,"covered":37,"skipped":0,"pct":86.04}}
,"C:\\Users\\User\\TSpecProj\\my-app\\src\\pages\\ProviderDashboard\\components\\OverviewCards.jsx": {"lines":{"total":28,"covered":28,"skipped":0,"pct":100},"functions":{"total":8,"covered":8,"skipped":0,"pct":100},"statements":{"total":29,"covered":29,"skipped":0,"pct":100},"branches":{"total":16,"covered":16,"skipped":0,"pct":100}}
,"C:\\Users\\User\\TSpecProj\\my-app\\src\\pages\\ProviderDashboard\\components\\Sidebar.jsx": {"lines":{"total":4,"covered":4,"skipped":0,"pct":100},"functions":{"total":3,"covered":3,"skipped":0,"pct":100},"statements":{"total":4,"covered":4,"skipped":0,"pct":100},"branches":{"total":10,"covered":10,"skipped":0,"pct":100}}
,"C:\\Users\\User\\TSpecProj\\my-app\\src\\pages\\ProviderDashboard\\hooks\\useProviderWatcher.js": {"lines":{"total":78,"covered":0,"skipped":0,"pct":0},"functions":{"total":12,"covered":0,"skipped":0,"pct":0},"statements":{"total":85,"covered":0,"skipped":0,"pct":0},"branches":{"total":49,"covered":0,"skipped":0,"pct":0}}
,"C:\\Users\\User\\TSpecProj\\my-app\\src\\pages\\admin\\Opportunities.jsx": {"lines":{"total":36,"covered":33,"skipped":0,"pct":91.66},"functions":{"total":16,"covered":15,"skipped":0,"pct":93.75},"statements":{"total":39,"covered":36,"skipped":0,"pct":92.3},"branches":{"total":20,"covered":19,"skipped":0,"pct":95}}
,"C:\\Users\\User\\TSpecProj\\my-app\\src\\pages\\admin\\Users.jsx": {"lines":{"total":56,"covered":8,"skipped":0,"pct":14.28},"functions":{"total":23,"covered":1,"skipped":0,"pct":4.34},"statements":{"total":64,"covered":8,"skipped":0,"pct":12.5},"branches":{"total":39,"covered":0,"skipped":0,"pct":0}}
,"C:\\Users\\User\\TSpecProj\\my-app\\src\\pages\\admin\\adminDashboard.jsx": {"lines":{"total":14,"covered":14,"skipped":0,"pct":100},"functions":{"total":3,"covered":3,"skipped":0,"pct":100},"statements":{"total":16,"covered":16,"skipped":0,"pct":100},"branches":{"total":4,"covered":4,"skipped":0,"pct":100}}
,"C:\\Users\\User\\TSpecProj\\my-app\\src\\pages\\admin\\adminLayout.jsx": {"lines":{"total":1,"covered":0,"skipped":0,"pct":0},"functions":{"total":1,"covered":0,"skipped":0,"pct":0},"statements":{"total":1,"covered":0,"skipped":0,"pct":0},"branches":{"total":0,"covered":0,"skipped":0,"pct":100}}
,"C:\\Users\\User\\TSpecProj\\my-app\\src\\router\\AppRouter.jsx": {"lines":{"total":1,"covered":0,"skipped":0,"pct":0},"functions":{"total":1,"covered":0,"skipped":0,"pct":0},"statements":{"total":1,"covered":0,"skipped":0,"pct":0},"branches":{"total":0,"covered":0,"skipped":0,"pct":100}}
,"C:\\Users\\User\\TSpecProj\\my-app\\src\\routes\\adminRoutes.jsx": {"lines":{"total":5,"covered":0,"skipped":0,"pct":0},"functions":{"total":0,"covered":0,"skipped":0,"pct":100},"statements":{"total":5,"covered":0,"skipped":0,"pct":0},"branches":{"total":0,"covered":0,"skipped":0,"pct":100}}
,"C:\\Users\\User\\TSpecProj\\my-app\\src\\routes\\appRouter.jsx": {"lines":{"total":1,"covered":0,"skipped":0,"pct":0},"functions":{"total":1,"covered":0,"skipped":0,"pct":0},"statements":{"total":1,"covered":0,"skipped":0,"pct":0},"branches":{"total":0,"covered":0,"skipped":0,"pct":100}}
,"C:\\Users\\User\\TSpecProj\\my-app\\src\\services\\api.js": {"lines":{"total":6,"covered":0,"skipped":0,"pct":0},"functions":{"total":1,"covered":0,"skipped":0,"pct":0},"statements":{"total":6,"covered":0,"skipped":0,"pct":0},"branches":{"total":0,"covered":0,"skipped":0,"pct":100}}
,"C:\\Users\\User\\TSpecProj\\my-app\\src\\services\\api.jsx": {"lines":{"total":0,"covered":0,"skipped":0,"pct":0},"functions":{"total":0,"covered":0,"skipped":0,"pct":0},"statements":{"total":0,"covered":0,"skipped":0,"pct":0},"branches":{"total":0,"covered":0,"skipped":0,"pct":0}}
,"C:\\Users\\User\\TSpecProj\\my-app\\src\\services\\authService.js": {"lines":{"total":22,"covered":8,"skipped":0,"pct":36.36},"functions":{"total":2,"covered":2,"skipped":0,"pct":100},"statements":{"total":22,"covered":8,"skipped":0,"pct":36.36},"branches":{"total":10,"covered":2,"skipped":0,"pct":20}}
,"C:\\Users\\User\\TSpecProj\\my-app\\src\\services\\firebase.js": {"lines":{"total":10,"covered":10,"skipped":0,"pct":100},"functions":{"total":0,"covered":0,"skipped":0,"pct":100},"statements":{"total":10,"covered":10,"skipped":0,"pct":100},"branches":{"total":0,"covered":0,"skipped":0,"pct":100}}
,"C:\\Users\\User\\TSpecProj\\my-app\\src\\services\\providerService.js": {"lines":{"total":159,"covered":0,"skipped":0,"pct":0},"functions":{"total":32,"covered":0,"skipped":0,"pct":0},"statements":{"total":184,"covered":0,"skipped":0,"pct":0},"branches":{"total":115,"covered":0,"skipped":0,"pct":0}}
,"C:\\Users\\User\\TSpecProj\\my-app\\src\\services\\userService.js": {"lines":{"total":39,"covered":0,"skipped":0,"pct":0},"functions":{"total":10,"covered":0,"skipped":0,"pct":0},"statements":{"total":45,"covered":0,"skipped":0,"pct":0},"branches":{"total":23,"covered":0,"skipped":0,"pct":0}}
,"C:\\Users\\User\\TSpecProj\\my-app\\src\\utils\\formatDate.jsx": {"lines":{"total":0,"covered":0,"skipped":0,"pct":0},"functions":{"total":0,"covered":0,"skipped":0,"pct":0},"statements":{"total":0,"covered":0,"skipped":0,"pct":0},"branches":{"total":0,"covered":0,"skipped":0,"pct":0}}
}
