{"C:\\Users\\my pc\\TSpecProj\\my-app\\src\\components\\applicantDashboard\\ApplicantProfile.jsx": {"path":"C:\\Users\\my pc\\TSpecProj\\my-app\\src\\components\\applicantDashboard\\ApplicantProfile.jsx","statementMap":{"0":{"start":{"line":8,"column":17},"end":{"line":11,"column":1}},"1":{"start":{"line":13,"column":18},"end":{"line":23,"column":1}},"2":{"start":{"line":25,"column":27},"end":{"line":42,"column":1}},"3":{"start":{"line":26,"column":19},"end":{"line":26,"column":48}},"4":{"start":{"line":28,"column":26},"end":{"line":33,"column":6}},"5":{"start":{"line":35,"column":2},"end":{"line":35,"column":44}},"6":{"start":{"line":35,"column":13},"end":{"line":35,"column":44}},"7":{"start":{"line":37,"column":28},"end":{"line":39,"column":27}},"8":{"start":{"line":41,"column":2},"end":{"line":41,"column":27}},"9":{"start":{"line":45,"column":32},"end":{"line":45,"column":46}},"10":{"start":{"line":46,"column":34},"end":{"line":46,"column":49}},"11":{"start":{"line":47,"column":28},"end":{"line":47,"column":42}},"12":{"start":{"line":49,"column":2},"end":{"line":73,"column":9}},"13":{"start":{"line":50,"column":24},"end":{"line":70,"column":6}},"14":{"start":{"line":51,"column":6},"end":{"line":69,"column":7}},"15":{"start":{"line":52,"column":8},"end":{"line":66,"column":9}},"16":{"start":{"line":53,"column":26},"end":{"line":53,"column":52}},"17":{"start":{"line":54,"column":26},"end":{"line":54,"column":47}},"18":{"start":{"line":56,"column":10},"end":{"line":63,"column":11}},"19":{"start":{"line":57,"column":12},"end":{"line":60,"column":15}},"20":{"start":{"line":62,"column":12},"end":{"line":62,"column":44}},"21":{"start":{"line":65,"column":10},"end":{"line":65,"column":56}},"22":{"start":{"line":68,"column":8},"end":{"line":68,"column":43}},"23":{"start":{"line":72,"column":4},"end":{"line":72,"column":31}},"24":{"start":{"line":72,"column":17},"end":{"line":72,"column":30}},"25":{"start":{"line":75,"column":23},"end":{"line":109,"column":3}},"26":{"start":{"line":76,"column":4},"end":{"line":108,"column":5}},"27":{"start":{"line":77,"column":6},"end":{"line":80,"column":7}},"28":{"start":{"line":78,"column":8},"end":{"line":78,"column":44}},"29":{"start":{"line":79,"column":8},"end":{"line":79,"column":15}},"30":{"start":{"line":82,"column":18},"end":{"line":82,"column":31}},"31":{"start":{"line":84,"column":6},"end":{"line":87,"column":7}},"32":{"start":{"line":85,"column":21},"end":{"line":85,"column":37}},"33":{"start":{"line":86,"column":8},"end":{"line":86,"column":58}},"34":{"start":{"line":89,"column":19},"end":{"line":89,"column":35}},"35":{"start":{"line":90,"column":25},"end":{"line":90,"column":51}},"36":{"start":{"line":92,"column":6},"end":{"line":100,"column":9}},"37":{"start":{"line":102,"column":6},"end":{"line":102,"column":32}},"38":{"start":{"line":103,"column":6},"end":{"line":103,"column":25}},"39":{"start":{"line":104,"column":6},"end":{"line":104,"column":21}},"40":{"start":{"line":106,"column":6},"end":{"line":106,"column":52}},"41":{"start":{"line":107,"column":6},"end":{"line":107,"column":59}},"42":{"start":{"line":111,"column":2},"end":{"line":111,"column":61}},"43":{"start":{"line":111,"column":16},"end":{"line":111,"column":61}},"44":{"start":{"line":113,"column":2},"end":{"line":213,"column":4}},"45":{"start":{"line":124,"column":29},"end":{"line":124,"column":77}},"46":{"start":{"line":131,"column":29},"end":{"line":131,"column":78}},"47":{"start":{"line":138,"column":29},"end":{"line":138,"column":82}},"48":{"start":{"line":145,"column":29},"end":{"line":145,"column":81}},"49":{"start":{"line":150,"column":14},"end":{"line":152,"column":23}},"50":{"start":{"line":159,"column":29},"end":{"line":159,"column":79}},"51":{"start":{"line":166,"column":29},"end":{"line":166,"column":82}},"52":{"start":{"line":174,"column":29},"end":{"line":174,"column":56}},"53":{"start":{"line":207,"column":33},"end":{"line":207,"column":50}}},"fnMap":{"0":{"name":"(anonymous_0)","decl":{"start":{"line":25,"column":27},"end":{"line":25,"column":28}},"loc":{"start":{"line":25,"column":51},"end":{"line":42,"column":1}},"line":25},"1":{"name":"ApplicantProfile","decl":{"start":{"line":44,"column":24},"end":{"line":44,"column":40}},"loc":{"start":{"line":44,"column":43},"end":{"line":214,"column":1}},"line":44},"2":{"name":"(anonymous_2)","decl":{"start":{"line":49,"column":12},"end":{"line":49,"column":13}},"loc":{"start":{"line":49,"column":18},"end":{"line":73,"column":3}},"line":49},"3":{"name":"(anonymous_3)","decl":{"start":{"line":50,"column":49},"end":{"line":50,"column":50}},"loc":{"start":{"line":50,"column":65},"end":{"line":70,"column":5}},"line":50},"4":{"name":"(anonymous_4)","decl":{"start":{"line":72,"column":11},"end":{"line":72,"column":12}},"loc":{"start":{"line":72,"column":17},"end":{"line":72,"column":30}},"line":72},"5":{"name":"(anonymous_5)","decl":{"start":{"line":75,"column":23},"end":{"line":75,"column":24}},"loc":{"start":{"line":75,"column":35},"end":{"line":109,"column":3}},"line":75},"6":{"name":"(anonymous_6)","decl":{"start":{"line":124,"column":22},"end":{"line":124,"column":23}},"loc":{"start":{"line":124,"column":29},"end":{"line":124,"column":77}},"line":124},"7":{"name":"(anonymous_7)","decl":{"start":{"line":131,"column":22},"end":{"line":131,"column":23}},"loc":{"start":{"line":131,"column":29},"end":{"line":131,"column":78}},"line":131},"8":{"name":"(anonymous_8)","decl":{"start":{"line":138,"column":22},"end":{"line":138,"column":23}},"loc":{"start":{"line":138,"column":29},"end":{"line":138,"column":82}},"line":138},"9":{"name":"(anonymous_9)","decl":{"start":{"line":145,"column":22},"end":{"line":145,"column":23}},"loc":{"start":{"line":145,"column":29},"end":{"line":145,"column":81}},"line":145},"10":{"name":"(anonymous_10)","decl":{"start":{"line":149,"column":27},"end":{"line":149,"column":28}},"loc":{"start":{"line":150,"column":14},"end":{"line":152,"column":23}},"line":150},"11":{"name":"(anonymous_11)","decl":{"start":{"line":159,"column":22},"end":{"line":159,"column":23}},"loc":{"start":{"line":159,"column":29},"end":{"line":159,"column":79}},"line":159},"12":{"name":"(anonymous_12)","decl":{"start":{"line":166,"column":22},"end":{"line":166,"column":23}},"loc":{"start":{"line":166,"column":29},"end":{"line":166,"column":82}},"line":166},"13":{"name":"(anonymous_13)","decl":{"start":{"line":174,"column":22},"end":{"line":174,"column":23}},"loc":{"start":{"line":174,"column":29},"end":{"line":174,"column":56}},"line":174},"14":{"name":"(anonymous_14)","decl":{"start":{"line":207,"column":27},"end":{"line":207,"column":28}},"loc":{"start":{"line":207,"column":33},"end":{"line":207,"column":50}},"line":207}},"branchMap":{"0":{"loc":{"start":{"line":35,"column":2},"end":{"line":35,"column":44}},"type":"if","locations":[{"start":{"line":35,"column":2},"end":{"line":35,"column":44}},{"start":{},"end":{}}],"line":35},"1":{"loc":{"start":{"line":51,"column":6},"end":{"line":69,"column":7}},"type":"if","locations":[{"start":{"line":51,"column":6},"end":{"line":69,"column":7}},{"start":{"line":67,"column":13},"end":{"line":69,"column":7}}],"line":51},"2":{"loc":{"start":{"line":56,"column":10},"end":{"line":63,"column":11}},"type":"if","locations":[{"start":{"line":56,"column":10},"end":{"line":63,"column":11}},{"start":{"line":61,"column":17},"end":{"line":63,"column":11}}],"line":56},"3":{"loc":{"start":{"line":77,"column":6},"end":{"line":80,"column":7}},"type":"if","locations":[{"start":{"line":77,"column":6},"end":{"line":80,"column":7}},{"start":{},"end":{}}],"line":77},"4":{"loc":{"start":{"line":84,"column":6},"end":{"line":87,"column":7}},"type":"if","locations":[{"start":{"line":84,"column":6},"end":{"line":87,"column":7}},{"start":{},"end":{}}],"line":84},"5":{"loc":{"start":{"line":111,"column":2},"end":{"line":111,"column":61}},"type":"if","locations":[{"start":{"line":111,"column":2},"end":{"line":111,"column":61}},{"start":{},"end":{}}],"line":111},"6":{"loc":{"start":{"line":117,"column":7},"end":{"line":211,"column":7}},"type":"cond-expr","locations":[{"start":{"line":118,"column":8},"end":{"line":181,"column":19}},{"start":{"line":183,"column":8},"end":{"line":210,"column":19}}],"line":117},"7":{"loc":{"start":{"line":123,"column":19},"end":{"line":123,"column":37}},"type":"binary-expr","locations":[{"start":{"line":123,"column":19},"end":{"line":123,"column":31}},{"start":{"line":123,"column":35},"end":{"line":123,"column":37}}],"line":123},"8":{"loc":{"start":{"line":130,"column":19},"end":{"line":130,"column":38}},"type":"binary-expr","locations":[{"start":{"line":130,"column":19},"end":{"line":130,"column":32}},{"start":{"line":130,"column":36},"end":{"line":130,"column":38}}],"line":130},"9":{"loc":{"start":{"line":137,"column":19},"end":{"line":137,"column":42}},"type":"binary-expr","locations":[{"start":{"line":137,"column":19},"end":{"line":137,"column":36}},{"start":{"line":137,"column":40},"end":{"line":137,"column":42}}],"line":137},"10":{"loc":{"start":{"line":144,"column":19},"end":{"line":144,"column":41}},"type":"binary-expr","locations":[{"start":{"line":144,"column":19},"end":{"line":144,"column":35}},{"start":{"line":144,"column":39},"end":{"line":144,"column":41}}],"line":144},"11":{"loc":{"start":{"line":158,"column":19},"end":{"line":158,"column":39}},"type":"binary-expr","locations":[{"start":{"line":158,"column":19},"end":{"line":158,"column":33}},{"start":{"line":158,"column":37},"end":{"line":158,"column":39}}],"line":158},"12":{"loc":{"start":{"line":165,"column":19},"end":{"line":165,"column":42}},"type":"binary-expr","locations":[{"start":{"line":165,"column":19},"end":{"line":165,"column":36}},{"start":{"line":165,"column":40},"end":{"line":165,"column":42}}],"line":165},"13":{"loc":{"start":{"line":194,"column":11},"end":{"line":205,"column":11}},"type":"binary-expr","locations":[{"start":{"line":194,"column":11},"end":{"line":194,"column":24}},{"start":{"line":195,"column":12},"end":{"line":204,"column":16}}],"line":194}},"s":{"0":1,"1":1,"2":1,"3":1,"4":1,"5":1,"6":0,"7":1,"8":1,"9":36,"10":36,"11":36,"12":36,"13":13,"14":12,"15":11,"16":11,"17":11,"18":11,"19":10,"20":1,"21":0,"22":1,"23":13,"24":13,"25":36,"26":2,"27":2,"28":0,"29":0,"30":2,"31":2,"32":1,"33":1,"34":2,"35":2,"36":2,"37":2,"38":2,"39":2,"40":0,"41":0,"42":36,"43":13,"44":23,"45":1,"46":1,"47":0,"48":1,"49":99,"50":0,"51":0,"52":1,"53":7},"f":{"0":1,"1":36,"2":13,"3":12,"4":13,"5":2,"6":1,"7":1,"8":0,"9":1,"10":99,"11":0,"12":0,"13":1,"14":7},"b":{"0":[0,1],"1":[11,1],"2":[10,1],"3":[0,2],"4":[1,1],"5":[13,23],"6":[11,12],"7":[11,0],"8":[11,0],"9":[11,0],"10":[11,0],"11":[11,0],"12":[11,0],"13":[12,11]},"_coverageSchema":"1a1c01bbd47fc00a2c39e90264f33305004495a9","hash":"026c40efdec7ebda41e2ee08155ff7ee5ea8e78b"}
,"C:\\Users\\my pc\\TSpecProj\\my-app\\src\\components\\applicantDashboard\\CreateProfile.jsx": {"path":"C:\\Users\\my pc\\TSpecProj\\my-app\\src\\components\\applicantDashboard\\CreateProfile.jsx","statementMap":{"0":{"start":{"line":9,"column":17},"end":{"line":12,"column":1}},"1":{"start":{"line":14,"column":27},"end":{"line":31,"column":1}},"2":{"start":{"line":15,"column":19},"end":{"line":15,"column":48}},"3":{"start":{"line":17,"column":26},"end":{"line":22,"column":6}},"4":{"start":{"line":24,"column":2},"end":{"line":24,"column":44}},"5":{"start":{"line":24,"column":13},"end":{"line":24,"column":44}},"6":{"start":{"line":26,"column":28},"end":{"line":28,"column":27}},"7":{"start":{"line":30,"column":2},"end":{"line":30,"column":27}},"8":{"start":{"line":34,"column":32},"end":{"line":41,"column":4}},"9":{"start":{"line":43,"column":19},"end":{"line":43,"column":32}},"10":{"start":{"line":45,"column":23},"end":{"line":51,"column":3}},"11":{"start":{"line":46,"column":35},"end":{"line":46,"column":43}},"12":{"start":{"line":47,"column":4},"end":{"line":50,"column":8}},"13":{"start":{"line":47,"column":26},"end":{"line":50,"column":5}},"14":{"start":{"line":53,"column":21},"end":{"line":90,"column":3}},"15":{"start":{"line":54,"column":4},"end":{"line":54,"column":23}},"16":{"start":{"line":56,"column":4},"end":{"line":89,"column":5}},"17":{"start":{"line":57,"column":19},"end":{"line":57,"column":35}},"18":{"start":{"line":59,"column":6},"end":{"line":62,"column":7}},"19":{"start":{"line":60,"column":8},"end":{"line":60,"column":36}},"20":{"start":{"line":61,"column":8},"end":{"line":61,"column":15}},"21":{"start":{"line":64,"column":18},"end":{"line":64,"column":22}},"22":{"start":{"line":66,"column":6},"end":{"line":68,"column":7}},"23":{"start":{"line":67,"column":8},"end":{"line":67,"column":63}},"24":{"start":{"line":70,"column":6},"end":{"line":82,"column":8}},"25":{"start":{"line":84,"column":6},"end":{"line":84,"column":43}},"26":{"start":{"line":85,"column":6},"end":{"line":85,"column":39}},"27":{"start":{"line":87,"column":6},"end":{"line":87,"column":52}},"28":{"start":{"line":88,"column":6},"end":{"line":88,"column":57}},"29":{"start":{"line":92,"column":2},"end":{"line":132,"column":4}}},"fnMap":{"0":{"name":"(anonymous_0)","decl":{"start":{"line":14,"column":27},"end":{"line":14,"column":28}},"loc":{"start":{"line":14,"column":51},"end":{"line":31,"column":1}},"line":14},"1":{"name":"CreateProfile","decl":{"start":{"line":33,"column":24},"end":{"line":33,"column":37}},"loc":{"start":{"line":33,"column":40},"end":{"line":133,"column":1}},"line":33},"2":{"name":"(anonymous_2)","decl":{"start":{"line":45,"column":23},"end":{"line":45,"column":24}},"loc":{"start":{"line":45,"column":30},"end":{"line":51,"column":3}},"line":45},"3":{"name":"(anonymous_3)","decl":{"start":{"line":47,"column":15},"end":{"line":47,"column":16}},"loc":{"start":{"line":47,"column":26},"end":{"line":50,"column":5}},"line":47},"4":{"name":"(anonymous_4)","decl":{"start":{"line":53,"column":21},"end":{"line":53,"column":22}},"loc":{"start":{"line":53,"column":34},"end":{"line":90,"column":3}},"line":53}},"branchMap":{"0":{"loc":{"start":{"line":24,"column":2},"end":{"line":24,"column":44}},"type":"if","locations":[{"start":{"line":24,"column":2},"end":{"line":24,"column":44}},{"start":{},"end":{}}],"line":24},"1":{"loc":{"start":{"line":49,"column":14},"end":{"line":49,"column":38}},"type":"cond-expr","locations":[{"start":{"line":49,"column":22},"end":{"line":49,"column":30}},{"start":{"line":49,"column":33},"end":{"line":49,"column":38}}],"line":49},"2":{"loc":{"start":{"line":59,"column":6},"end":{"line":62,"column":7}},"type":"if","locations":[{"start":{"line":59,"column":6},"end":{"line":62,"column":7}},{"start":{},"end":{}}],"line":59},"3":{"loc":{"start":{"line":66,"column":6},"end":{"line":68,"column":7}},"type":"if","locations":[{"start":{"line":66,"column":6},"end":{"line":68,"column":7}},{"start":{},"end":{}}],"line":66}},"s":{"0":1,"1":1,"2":1,"3":1,"4":1,"5":0,"6":1,"7":1,"8":19,"9":19,"10":19,"11":8,"12":8,"13":8,"14":19,"15":3,"16":3,"17":3,"18":3,"19":1,"20":1,"21":2,"22":2,"23":1,"24":2,"25":2,"26":2,"27":0,"28":0,"29":19},"f":{"0":1,"1":19,"2":8,"3":8,"4":3},"b":{"0":[0,1],"1":[2,6],"2":[1,2],"3":[1,1]},"_coverageSchema":"1a1c01bbd47fc00a2c39e90264f33305004495a9","hash":"1c0d073c264c902b7aab68b4d9e78e26996651e3"}
,"C:\\Users\\my pc\\TSpecProj\\my-app\\src\\components\\applicantDashboard\\Dashboard.jsx": {"path":"C:\\Users\\my pc\\TSpecProj\\my-app\\src\\components\\applicantDashboard\\Dashboard.jsx","statementMap":{"0":{"start":{"line":10,"column":21},"end":{"line":10,"column":34}},"1":{"start":{"line":11,"column":44},"end":{"line":11,"column":56}},"2":{"start":{"line":13,"column":4},"end":{"line":24,"column":11}},"3":{"start":{"line":14,"column":34},"end":{"line":21,"column":9}},"4":{"start":{"line":15,"column":34},"end":{"line":15,"column":79}},"5":{"start":{"line":16,"column":25},"end":{"line":19,"column":15}},"6":{"start":{"line":16,"column":56},"end":{"line":19,"column":13}},"7":{"start":{"line":20,"column":12},"end":{"line":20,"column":34}},"8":{"start":{"line":23,"column":8},"end":{"line":23,"column":28}},"9":{"start":{"line":26,"column":4},"end":{"line":41,"column":6}},"10":{"start":{"line":36,"column":29},"end":{"line":36,"column":61}}},"fnMap":{"0":{"name":"Dashboard","decl":{"start":{"line":9,"column":9},"end":{"line":9,"column":18}},"loc":{"start":{"line":9,"column":21},"end":{"line":42,"column":1}},"line":9},"1":{"name":"(anonymous_1)","decl":{"start":{"line":13,"column":14},"end":{"line":13,"column":15}},"loc":{"start":{"line":13,"column":20},"end":{"line":24,"column":5}},"line":13},"2":{"name":"(anonymous_2)","decl":{"start":{"line":14,"column":34},"end":{"line":14,"column":35}},"loc":{"start":{"line":14,"column":46},"end":{"line":21,"column":9}},"line":14},"3":{"name":"(anonymous_3)","decl":{"start":{"line":16,"column":48},"end":{"line":16,"column":49}},"loc":{"start":{"line":16,"column":56},"end":{"line":19,"column":13}},"line":16},"4":{"name":"(anonymous_4)","decl":{"start":{"line":36,"column":23},"end":{"line":36,"column":24}},"loc":{"start":{"line":36,"column":29},"end":{"line":36,"column":61}},"line":36}},"branchMap":{},"s":{"0":11,"1":11,"2":11,"3":6,"4":6,"5":6,"6":2,"7":6,"8":6,"9":11,"10":1},"f":{"0":11,"1":6,"2":6,"3":2,"4":1},"b":{},"_coverageSchema":"1a1c01bbd47fc00a2c39e90264f33305004495a9","hash":"fb9cb249f8fd735d3651d8443d992207c3e0c0b1"}
,"C:\\Users\\my pc\\TSpecProj\\my-app\\src\\components\\applicantDashboard\\MyApplications.jsx": {"path":"C:\\Users\\my pc\\TSpecProj\\my-app\\src\\components\\applicantDashboard\\MyApplications.jsx","statementMap":{"0":{"start":{"line":16,"column":15},"end":{"line":16,"column":78}},"1":{"start":{"line":20,"column":23},"end":{"line":20,"column":44}},"2":{"start":{"line":21,"column":23},"end":{"line":21,"column":44}},"3":{"start":{"line":22,"column":26},"end":{"line":22,"column":50}},"4":{"start":{"line":24,"column":4},"end":{"line":55,"column":6}},"5":{"start":{"line":27,"column":16},"end":{"line":52,"column":26}},"6":{"start":{"line":59,"column":44},"end":{"line":59,"column":56}},"7":{"start":{"line":60,"column":36},"end":{"line":60,"column":48}},"8":{"start":{"line":62,"column":4},"end":{"line":96,"column":11}},"9":{"start":{"line":63,"column":34},"end":{"line":63,"column":38}},"10":{"start":{"line":65,"column":32},"end":{"line":90,"column":10}},"11":{"start":{"line":66,"column":12},"end":{"line":66,"column":30}},"12":{"start":{"line":66,"column":23},"end":{"line":66,"column":30}},"13":{"start":{"line":69,"column":22},"end":{"line":72,"column":13}},"14":{"start":{"line":74,"column":12},"end":{"line":81,"column":15}},"15":{"start":{"line":75,"column":29},"end":{"line":78,"column":19}},"16":{"start":{"line":75,"column":57},"end":{"line":78,"column":17}},"17":{"start":{"line":80,"column":16},"end":{"line":80,"column":38}},"18":{"start":{"line":84,"column":28},"end":{"line":84,"column":54}},"19":{"start":{"line":85,"column":29},"end":{"line":85,"column":50}},"20":{"start":{"line":87,"column":12},"end":{"line":89,"column":13}},"21":{"start":{"line":88,"column":16},"end":{"line":88,"column":60}},"22":{"start":{"line":92,"column":8},"end":{"line":95,"column":10}},"23":{"start":{"line":93,"column":12},"end":{"line":93,"column":30}},"24":{"start":{"line":94,"column":12},"end":{"line":94,"column":59}},"25":{"start":{"line":94,"column":37},"end":{"line":94,"column":59}},"26":{"start":{"line":99,"column":36},"end":{"line":117,"column":5}},"27":{"start":{"line":100,"column":31},"end":{"line":100,"column":69}},"28":{"start":{"line":103,"column":8},"end":{"line":107,"column":9}},"29":{"start":{"line":104,"column":12},"end":{"line":104,"column":58}},"30":{"start":{"line":106,"column":12},"end":{"line":106,"column":51}},"31":{"start":{"line":109,"column":8},"end":{"line":116,"column":9}},"32":{"start":{"line":110,"column":12},"end":{"line":113,"column":15}},"33":{"start":{"line":115,"column":12},"end":{"line":115,"column":59}},"34":{"start":{"line":119,"column":4},"end":{"line":145,"column":6}},"35":{"start":{"line":131,"column":20},"end":{"line":141,"column":30}}},"fnMap":{"0":{"name":"ProgressTracker","decl":{"start":{"line":19,"column":9},"end":{"line":19,"column":24}},"loc":{"start":{"line":19,"column":58},"end":{"line":56,"column":1}},"line":19},"1":{"name":"(anonymous_1)","decl":{"start":{"line":26,"column":24},"end":{"line":26,"column":25}},"loc":{"start":{"line":27,"column":16},"end":{"line":52,"column":26}},"line":27},"2":{"name":"MyApplications","decl":{"start":{"line":58,"column":9},"end":{"line":58,"column":23}},"loc":{"start":{"line":58,"column":26},"end":{"line":146,"column":1}},"line":58},"3":{"name":"(anonymous_3)","decl":{"start":{"line":62,"column":14},"end":{"line":62,"column":15}},"loc":{"start":{"line":62,"column":20},"end":{"line":96,"column":5}},"line":62},"4":{"name":"(anonymous_4)","decl":{"start":{"line":65,"column":57},"end":{"line":65,"column":58}},"loc":{"start":{"line":65,"column":73},"end":{"line":90,"column":9}},"line":65},"5":{"name":"(anonymous_5)","decl":{"start":{"line":74,"column":48},"end":{"line":74,"column":49}},"loc":{"start":{"line":74,"column":62},"end":{"line":81,"column":13}},"line":74},"6":{"name":"(anonymous_6)","decl":{"start":{"line":75,"column":47},"end":{"line":75,"column":48}},"loc":{"start":{"line":75,"column":57},"end":{"line":78,"column":17}},"line":75},"7":{"name":"(anonymous_7)","decl":{"start":{"line":92,"column":15},"end":{"line":92,"column":16}},"loc":{"start":{"line":92,"column":21},"end":{"line":95,"column":9}},"line":92},"8":{"name":"(anonymous_8)","decl":{"start":{"line":99,"column":36},"end":{"line":99,"column":37}},"loc":{"start":{"line":99,"column":72},"end":{"line":117,"column":5}},"line":99},"9":{"name":"(anonymous_9)","decl":{"start":{"line":130,"column":34},"end":{"line":130,"column":35}},"loc":{"start":{"line":131,"column":20},"end":{"line":141,"column":30}},"line":131}},"branchMap":{"0":{"loc":{"start":{"line":19,"column":27},"end":{"line":19,"column":41}},"type":"default-arg","locations":[{"start":{"line":19,"column":40},"end":{"line":19,"column":41}}],"line":19},"1":{"loc":{"start":{"line":19,"column":43},"end":{"line":19,"column":54}},"type":"default-arg","locations":[{"start":{"line":19,"column":52},"end":{"line":19,"column":54}}],"line":19},"2":{"loc":{"start":{"line":30,"column":28},"end":{"line":30,"column":63}},"type":"cond-expr","locations":[{"start":{"line":30,"column":50},"end":{"line":30,"column":58}},{"start":{"line":30,"column":61},"end":{"line":30,"column":63}}],"line":30},"3":{"loc":{"start":{"line":32,"column":28},"end":{"line":38,"column":36}},"type":"cond-expr","locations":[{"start":{"line":33,"column":34},"end":{"line":33,"column":44}},{"start":{"line":34,"column":34},"end":{"line":38,"column":36}}],"line":32},"4":{"loc":{"start":{"line":32,"column":28},"end":{"line":32,"column":68}},"type":"binary-expr","locations":[{"start":{"line":32,"column":28},"end":{"line":32,"column":54}},{"start":{"line":32,"column":58},"end":{"line":32,"column":68}}],"line":32},"5":{"loc":{"start":{"line":34,"column":34},"end":{"line":38,"column":36}},"type":"cond-expr","locations":[{"start":{"line":35,"column":34},"end":{"line":35,"column":44}},{"start":{"line":36,"column":35},"end":{"line":38,"column":36}}],"line":34},"6":{"loc":{"start":{"line":34,"column":34},"end":{"line":34,"column":74}},"type":"binary-expr","locations":[{"start":{"line":34,"column":34},"end":{"line":34,"column":60}},{"start":{"line":34,"column":64},"end":{"line":34,"column":74}}],"line":34},"7":{"loc":{"start":{"line":36,"column":35},"end":{"line":38,"column":36}},"type":"cond-expr","locations":[{"start":{"line":37,"column":34},"end":{"line":37,"column":47}},{"start":{"line":38,"column":34},"end":{"line":38,"column":36}}],"line":36},"8":{"loc":{"start":{"line":36,"column":35},"end":{"line":36,"column":78}},"type":"binary-expr","locations":[{"start":{"line":36,"column":35},"end":{"line":36,"column":61}},{"start":{"line":36,"column":65},"end":{"line":36,"column":78}}],"line":36},"9":{"loc":{"start":{"line":42,"column":25},"end":{"line":50,"column":35}},"type":"cond-expr","locations":[{"start":{"line":43,"column":30},"end":{"line":49,"column":50}},{"start":{"line":50,"column":30},"end":{"line":50,"column":35}}],"line":42},"10":{"loc":{"start":{"line":43,"column":30},"end":{"line":49,"column":50}},"type":"cond-expr","locations":[{"start":{"line":44,"column":34},"end":{"line":44,"column":44}},{"start":{"line":45,"column":34},"end":{"line":49,"column":50}}],"line":43},"11":{"loc":{"start":{"line":45,"column":34},"end":{"line":49,"column":50}},"type":"cond-expr","locations":[{"start":{"line":46,"column":34},"end":{"line":46,"column":44}},{"start":{"line":47,"column":34},"end":{"line":49,"column":50}}],"line":45},"12":{"loc":{"start":{"line":47,"column":34},"end":{"line":49,"column":50}},"type":"cond-expr","locations":[{"start":{"line":48,"column":34},"end":{"line":48,"column":47}},{"start":{"line":49,"column":34},"end":{"line":49,"column":50}}],"line":47},"13":{"loc":{"start":{"line":66,"column":12},"end":{"line":66,"column":30}},"type":"if","locations":[{"start":{"line":66,"column":12},"end":{"line":66,"column":30}},{"start":{},"end":{}}],"line":66},"14":{"loc":{"start":{"line":87,"column":12},"end":{"line":89,"column":13}},"type":"if","locations":[{"start":{"line":87,"column":12},"end":{"line":89,"column":13}},{"start":{},"end":{}}],"line":87},"15":{"loc":{"start":{"line":88,"column":28},"end":{"line":88,"column":58}},"type":"binary-expr","locations":[{"start":{"line":88,"column":28},"end":{"line":88,"column":48}},{"start":{"line":88,"column":52},"end":{"line":88,"column":58}}],"line":88},"16":{"loc":{"start":{"line":94,"column":12},"end":{"line":94,"column":59}},"type":"if","locations":[{"start":{"line":94,"column":12},"end":{"line":94,"column":59}},{"start":{},"end":{}}],"line":94},"17":{"loc":{"start":{"line":103,"column":8},"end":{"line":107,"column":9}},"type":"if","locations":[{"start":{"line":103,"column":8},"end":{"line":107,"column":9}},{"start":{"line":105,"column":15},"end":{"line":107,"column":9}}],"line":103},"18":{"loc":{"start":{"line":103,"column":12},"end":{"line":103,"column":64}},"type":"binary-expr","locations":[{"start":{"line":103,"column":12},"end":{"line":103,"column":36}},{"start":{"line":103,"column":40},"end":{"line":103,"column":64}}],"line":103},"19":{"loc":{"start":{"line":136,"column":40},"end":{"line":136,"column":67}},"type":"binary-expr","locations":[{"start":{"line":136,"column":40},"end":{"line":136,"column":62}},{"start":{"line":136,"column":66},"end":{"line":136,"column":67}}],"line":136}},"s":{"0":1,"1":22,"2":22,"3":22,"4":22,"5":88,"6":26,"7":26,"8":26,"9":10,"10":10,"11":10,"12":1,"13":9,"14":9,"15":9,"16":13,"17":9,"18":9,"19":9,"20":9,"21":9,"22":10,"23":10,"24":10,"25":9,"26":26,"27":0,"28":0,"29":0,"30":0,"31":0,"32":0,"33":0,"34":26,"35":22},"f":{"0":22,"1":88,"2":26,"3":10,"4":10,"5":9,"6":13,"7":10,"8":0,"9":22},"b":{"0":[0],"1":[0],"2":[56,32],"3":[2,86],"4":[88,22],"5":[2,84],"6":[86,20],"7":[2,82],"8":[84,18],"9":[22,66],"10":[2,20],"11":[2,18],"12":[2,16],"13":[1,9],"14":[9,0],"15":[9,1],"16":[9,1],"17":[0,0],"18":[0,0],"19":[22,0]},"_coverageSchema":"1a1c01bbd47fc00a2c39e90264f33305004495a9","hash":"9afbba0739847f9c475c93075b8991726277343d"}
,"C:\\Users\\my pc\\TSpecProj\\my-app\\src\\components\\applicantDashboard\\OpportunityList.jsx": {"path":"C:\\Users\\my pc\\TSpecProj\\my-app\\src\\components\\applicantDashboard\\OpportunityList.jsx","statementMap":{"0":{"start":{"line":16,"column":46},"end":{"line":16,"column":58}},"1":{"start":{"line":17,"column":28},"end":{"line":17,"column":42}},"2":{"start":{"line":18,"column":44},"end":{"line":18,"column":56}},"3":{"start":{"line":21,"column":4},"end":{"line":27,"column":11}},"4":{"start":{"line":22,"column":28},"end":{"line":24,"column":10}},"5":{"start":{"line":23,"column":12},"end":{"line":23,"column":33}},"6":{"start":{"line":26,"column":8},"end":{"line":26,"column":35}},"7":{"start":{"line":26,"column":21},"end":{"line":26,"column":34}},"8":{"start":{"line":29,"column":4},"end":{"line":31,"column":11}},"9":{"start":{"line":30,"column":4},"end":{"line":30,"column":24}},"10":{"start":{"line":33,"column":4},"end":{"line":52,"column":11}},"11":{"start":{"line":34,"column":35},"end":{"line":49,"column":9}},"12":{"start":{"line":35,"column":12},"end":{"line":48,"column":13}},"13":{"start":{"line":36,"column":38},"end":{"line":38,"column":17}},"14":{"start":{"line":40,"column":29},"end":{"line":43,"column":19}},"15":{"start":{"line":40,"column":60},"end":{"line":43,"column":17}},"16":{"start":{"line":45,"column":16},"end":{"line":45,"column":39}},"17":{"start":{"line":47,"column":16},"end":{"line":47,"column":70}},"18":{"start":{"line":51,"column":8},"end":{"line":51,"column":29}},"19":{"start":{"line":54,"column":4},"end":{"line":74,"column":11}},"20":{"start":{"line":55,"column":4},"end":{"line":55,"column":22}},"21":{"start":{"line":55,"column":15},"end":{"line":55,"column":22}},"22":{"start":{"line":57,"column":22},"end":{"line":71,"column":5}},"23":{"start":{"line":58,"column":18},"end":{"line":61,"column":9}},"24":{"start":{"line":63,"column":25},"end":{"line":63,"column":41}},"25":{"start":{"line":65,"column":21},"end":{"line":68,"column":11}},"26":{"start":{"line":65,"column":47},"end":{"line":68,"column":9}},"27":{"start":{"line":70,"column":8},"end":{"line":70,"column":30}},"28":{"start":{"line":73,"column":4},"end":{"line":73,"column":16}},"29":{"start":{"line":77,"column":24},"end":{"line":133,"column":5}},"30":{"start":{"line":78,"column":8},"end":{"line":81,"column":9}},"31":{"start":{"line":79,"column":12},"end":{"line":79,"column":41}},"32":{"start":{"line":80,"column":12},"end":{"line":80,"column":19}},"33":{"start":{"line":83,"column":31},"end":{"line":85,"column":5}},"34":{"start":{"line":84,"column":15},"end":{"line":84,"column":51}},"35":{"start":{"line":87,"column":4},"end":{"line":90,"column":5}},"36":{"start":{"line":88,"column":8},"end":{"line":88,"column":58}},"37":{"start":{"line":89,"column":8},"end":{"line":89,"column":15}},"38":{"start":{"line":92,"column":8},"end":{"line":132,"column":9}},"39":{"start":{"line":93,"column":27},"end":{"line":98,"column":13}},"40":{"start":{"line":100,"column":30},"end":{"line":100,"column":41}},"41":{"start":{"line":101,"column":31},"end":{"line":101,"column":56}},"42":{"start":{"line":103,"column":27},"end":{"line":111,"column":14}},"43":{"start":{"line":113,"column":27},"end":{"line":121,"column":13}},"44":{"start":{"line":123,"column":12},"end":{"line":123,"column":55}},"45":{"start":{"line":123,"column":36},"end":{"line":123,"column":53}},"46":{"start":{"line":125,"column":12},"end":{"line":127,"column":13}},"47":{"start":{"line":126,"column":16},"end":{"line":126,"column":49}},"48":{"start":{"line":129,"column":12},"end":{"line":129,"column":44}},"49":{"start":{"line":131,"column":12},"end":{"line":131,"column":52}},"50":{"start":{"line":135,"column":4},"end":{"line":182,"column":6}},"51":{"start":{"line":148,"column":24},"end":{"line":150,"column":25}},"52":{"start":{"line":149,"column":35},"end":{"line":149,"column":71}},"53":{"start":{"line":153,"column":24},"end":{"line":178,"column":34}},"54":{"start":{"line":174,"column":47},"end":{"line":174,"column":71}}},"fnMap":{"0":{"name":"OpportunityList","decl":{"start":{"line":15,"column":9},"end":{"line":15,"column":24}},"loc":{"start":{"line":15,"column":32},"end":{"line":183,"column":1}},"line":15},"1":{"name":"(anonymous_1)","decl":{"start":{"line":21,"column":14},"end":{"line":21,"column":15}},"loc":{"start":{"line":21,"column":20},"end":{"line":27,"column":5}},"line":21},"2":{"name":"(anonymous_2)","decl":{"start":{"line":22,"column":53},"end":{"line":22,"column":54}},"loc":{"start":{"line":22,"column":70},"end":{"line":24,"column":9}},"line":22},"3":{"name":"(anonymous_3)","decl":{"start":{"line":26,"column":15},"end":{"line":26,"column":16}},"loc":{"start":{"line":26,"column":21},"end":{"line":26,"column":34}},"line":26},"4":{"name":"(anonymous_4)","decl":{"start":{"line":29,"column":14},"end":{"line":29,"column":15}},"loc":{"start":{"line":29,"column":20},"end":{"line":31,"column":1}},"line":29},"5":{"name":"(anonymous_5)","decl":{"start":{"line":33,"column":14},"end":{"line":33,"column":15}},"loc":{"start":{"line":33,"column":20},"end":{"line":52,"column":5}},"line":33},"6":{"name":"(anonymous_6)","decl":{"start":{"line":34,"column":35},"end":{"line":34,"column":36}},"loc":{"start":{"line":34,"column":47},"end":{"line":49,"column":9}},"line":34},"7":{"name":"(anonymous_7)","decl":{"start":{"line":40,"column":52},"end":{"line":40,"column":53}},"loc":{"start":{"line":40,"column":60},"end":{"line":43,"column":17}},"line":40},"8":{"name":"(anonymous_8)","decl":{"start":{"line":54,"column":14},"end":{"line":54,"column":15}},"loc":{"start":{"line":54,"column":20},"end":{"line":74,"column":1}},"line":54},"9":{"name":"(anonymous_9)","decl":{"start":{"line":57,"column":22},"end":{"line":57,"column":23}},"loc":{"start":{"line":57,"column":34},"end":{"line":71,"column":5}},"line":57},"10":{"name":"(anonymous_10)","decl":{"start":{"line":65,"column":39},"end":{"line":65,"column":40}},"loc":{"start":{"line":65,"column":47},"end":{"line":68,"column":9}},"line":65},"11":{"name":"(anonymous_11)","decl":{"start":{"line":77,"column":24},"end":{"line":77,"column":25}},"loc":{"start":{"line":77,"column":47},"end":{"line":133,"column":5}},"line":77},"12":{"name":"(anonymous_12)","decl":{"start":{"line":84,"column":8},"end":{"line":84,"column":9}},"loc":{"start":{"line":84,"column":15},"end":{"line":84,"column":51}},"line":84},"13":{"name":"(anonymous_13)","decl":{"start":{"line":123,"column":28},"end":{"line":123,"column":29}},"loc":{"start":{"line":123,"column":36},"end":{"line":123,"column":53}},"line":123},"14":{"name":"(anonymous_14)","decl":{"start":{"line":147,"column":28},"end":{"line":147,"column":29}},"loc":{"start":{"line":148,"column":24},"end":{"line":150,"column":25}},"line":148},"15":{"name":"(anonymous_15)","decl":{"start":{"line":149,"column":28},"end":{"line":149,"column":29}},"loc":{"start":{"line":149,"column":35},"end":{"line":149,"column":71}},"line":149},"16":{"name":"(anonymous_16)","decl":{"start":{"line":152,"column":25},"end":{"line":152,"column":26}},"loc":{"start":{"line":153,"column":24},"end":{"line":178,"column":34}},"line":153},"17":{"name":"(anonymous_17)","decl":{"start":{"line":174,"column":41},"end":{"line":174,"column":42}},"loc":{"start":{"line":174,"column":47},"end":{"line":174,"column":71}},"line":174}},"branchMap":{"0":{"loc":{"start":{"line":55,"column":4},"end":{"line":55,"column":22}},"type":"if","locations":[{"start":{"line":55,"column":4},"end":{"line":55,"column":22}},{"start":{},"end":{}}],"line":55},"1":{"loc":{"start":{"line":78,"column":8},"end":{"line":81,"column":9}},"type":"if","locations":[{"start":{"line":78,"column":8},"end":{"line":81,"column":9}},{"start":{},"end":{}}],"line":78},"2":{"loc":{"start":{"line":87,"column":4},"end":{"line":90,"column":5}},"type":"if","locations":[{"start":{"line":87,"column":4},"end":{"line":90,"column":5}},{"start":{},"end":{}}],"line":87},"3":{"loc":{"start":{"line":125,"column":12},"end":{"line":127,"column":13}},"type":"if","locations":[{"start":{"line":125,"column":12},"end":{"line":127,"column":13}},{"start":{},"end":{}}],"line":125},"4":{"loc":{"start":{"line":161,"column":29},"end":{"line":170,"column":26}},"type":"binary-expr","locations":[{"start":{"line":161,"column":29},"end":{"line":161,"column":51}},{"start":{"line":162,"column":28},"end":{"line":169,"column":28}}],"line":161}},"s":{"0":25,"1":25,"2":25,"3":25,"4":8,"5":8,"6":8,"7":8,"8":25,"9":9,"10":25,"11":8,"12":8,"13":8,"14":8,"15":16,"16":8,"17":0,"18":8,"19":25,"20":9,"21":8,"22":1,"23":1,"24":1,"25":1,"26":0,"27":1,"28":1,"29":25,"30":2,"31":1,"32":1,"33":1,"34":0,"35":1,"36":0,"37":0,"38":1,"39":1,"40":1,"41":1,"42":1,"43":1,"44":1,"45":1,"46":1,"47":1,"48":1,"49":0,"50":25,"51":16,"52":2,"53":15,"54":2},"f":{"0":25,"1":8,"2":8,"3":8,"4":9,"5":8,"6":8,"7":16,"8":9,"9":1,"10":0,"11":2,"12":0,"13":1,"14":16,"15":2,"16":15,"17":2},"b":{"0":[8,1],"1":[1,1],"2":[0,1],"3":[1,0],"4":[15,7]},"_coverageSchema":"1a1c01bbd47fc00a2c39e90264f33305004495a9","hash":"1c2f9cf110c93eb6f6adec2072a2348ef5c6e047"}
,"C:\\Users\\my pc\\TSpecProj\\my-app\\src\\router\\AppRouter.jsx": {"path":"C:\\Users\\my pc\\TSpecProj\\my-app\\src\\router\\AppRouter.jsx","statementMap":{"0":{"start":{"line":14,"column":2},"end":{"line":34,"column":4}}},"fnMap":{"0":{"name":"AppRouter","decl":{"start":{"line":13,"column":24},"end":{"line":13,"column":33}},"loc":{"start":{"line":13,"column":36},"end":{"line":35,"column":1}},"line":13}},"branchMap":{},"s":{"0":9},"f":{"0":9},"b":{},"_coverageSchema":"1a1c01bbd47fc00a2c39e90264f33305004495a9","hash":"9311a82cefc790ca5bcb186d51748897b98c4af5"}
}
