TN:
SF:src\App.jsx
FN:3,App
FNF:1
FNH:0
FNDA:0,App
DA:4,0
LF:1
LH:0
BRF:0
BRH:0
end_of_record
TN:
SF:src\firebase.jsx
FNF:0
FNH:0
DA:7,0
DA:16,0
DA:18,0
DA:19,0
DA:20,0
LF:5
LH:0
BRF:0
BRH:0
end_of_record
TN:
SF:src\firebaseConfig.jsx
FNF:0
FNH:0
DA:4,0
LF:1
LH:0
BRF:0
BRH:0
end_of_record
TN:
SF:src\index.jsx
FNF:0
FNH:0
DA:5,0
DA:6,0
LF:2
LH:0
BRF:0
BRH:0
end_of_record
TN:
SF:src\components\ApplicationsPanel.jsx
FN:1,ApplicationsPanel
FN:17,(anonymous_1)
FNF:2
FNH:0
FNDA:0,ApplicationsPanel
FNDA:0,(anonymous_1)
DA:2,0
DA:7,0
DA:18,0
DA:57,0
DA:66,0
DA:72,0
DA:78,0
LF:7
LH:0
BRF:0
BRH:0
end_of_record
TN:
SF:src\components\nqfSelect.jsx
FN:40,NqfDropdown
FN:45,(anonymous_1)
FN:46,(anonymous_2)
FN:50,(anonymous_3)
FN:53,(anonymous_4)
FN:80,(anonymous_5)
FN:80,(anonymous_6)
FN:92,(anonymous_7)
FN:95,(anonymous_8)
FN:100,(anonymous_9)
FN:113,SectorDropdown
FN:118,(anonymous_11)
FN:119,(anonymous_12)
FN:123,(anonymous_13)
FN:126,(anonymous_14)
FN:149,(anonymous_15)
FN:149,(anonymous_16)
FN:159,(anonymous_17)
FN:164,(anonymous_18)
FNF:19
FNH:3
FNDA:20,NqfDropdown
FNDA:13,(anonymous_1)
FNDA:0,(anonymous_2)
FNDA:13,(anonymous_3)
FNDA:0,(anonymous_4)
FNDA:0,(anonymous_5)
FNDA:0,(anonymous_6)
FNDA:0,(anonymous_7)
FNDA:0,(anonymous_8)
FNDA:0,(anonymous_9)
FNDA:0,SectorDropdown
FNDA:0,(anonymous_11)
FNDA:0,(anonymous_12)
FNDA:0,(anonymous_13)
FNDA:0,(anonymous_14)
FNDA:0,(anonymous_15)
FNDA:0,(anonymous_16)
FNDA:0,(anonymous_17)
FNDA:0,(anonymous_18)
DA:3,2
DA:25,2
DA:41,20
DA:42,20
DA:43,20
DA:45,20
DA:46,13
DA:47,0
DA:49,13
DA:50,13
DA:53,20
DA:54,0
DA:56,0
DA:58,0
DA:64,0
DA:67,20
DA:80,0
DA:93,0
DA:96,0
DA:100,0
DA:114,0
DA:115,0
DA:116,0
DA:118,0
DA:119,0
DA:120,0
DA:122,0
DA:123,0
DA:126,0
DA:127,0
DA:128,0
DA:133,0
DA:136,0
DA:149,0
DA:160,0
DA:164,0
LF:36
LH:11
BRDA:47,0,0,0
BRDA:47,0,1,0
BRDA:47,1,0,0
BRDA:47,1,1,0
BRDA:79,2,0,0
BRDA:79,2,1,20
BRDA:82,3,0,0
BRDA:82,3,1,20
BRDA:83,4,0,0
BRDA:83,4,1,20
BRDA:87,5,0,0
BRDA:87,5,1,20
BRDA:90,6,0,20
BRDA:90,6,1,0
BRDA:99,7,0,0
BRDA:99,7,1,0
BRDA:120,8,0,0
BRDA:120,8,1,0
BRDA:120,9,0,0
BRDA:120,9,1,0
BRDA:148,10,0,0
BRDA:148,10,1,0
BRDA:151,11,0,0
BRDA:151,11,1,0
BRDA:152,12,0,0
BRDA:152,12,1,0
BRDA:154,13,0,0
BRDA:154,13,1,0
BRDA:157,14,0,0
BRDA:157,14,1,0
BRDA:163,15,0,0
BRDA:163,15,1,0
BRF:32
BRH:5
end_of_record
TN:
SF:src\components\roleSelector.jsx
FNF:0
FNH:0
LF:0
LH:0
BRF:0
BRH:0
end_of_record
TN:
SF:src\components\signupApplicant.jsx
FN:31,SignupApplicant
FN:44,(anonymous_1)
FN:44,(anonymous_2)
FN:45,(anonymous_3)
FN:48,(anonymous_4)
FN:112,(anonymous_5)
FNF:6
FNH:5
FNDA:20,SignupApplicant
FNDA:80,(anonymous_1)
FNDA:7,(anonymous_2)
FNDA:7,(anonymous_3)
FNDA:0,(anonymous_4)
FNDA:180,(anonymous_5)
DA:6,2
DA:19,2
DA:32,20
DA:34,20
DA:41,20
DA:42,20
DA:44,80
DA:45,7
DA:48,20
DA:49,0
DA:51,0
DA:52,0
DA:54,0
DA:55,0
DA:62,0
DA:64,0
DA:66,0
DA:67,0
DA:69,0
DA:73,20
DA:113,180
LF:21
LH:11
BRDA:51,0,0,0
BRDA:51,0,1,0
BRDA:67,1,0,0
BRDA:67,1,1,0
BRDA:78,2,0,20
BRDA:78,2,1,0
BRDA:135,3,0,0
BRDA:135,3,1,20
BRF:8
BRH:2
end_of_record
TN:
SF:src\components\signupProvider.jsx
FN:34,SignupProvider
FN:48,(anonymous_1)
FN:48,(anonymous_2)
FN:49,(anonymous_3)
FN:54,(anonymous_4)
FN:63,(anonymous_5)
FN:135,(anonymous_6)
FN:151,(anonymous_7)
FNF:8
FNH:6
FNDA:17,SignupProvider
FNDA:85,(anonymous_1)
FNDA:5,(anonymous_2)
FNDA:5,(anonymous_3)
FNDA:0,(anonymous_4)
FNDA:0,(anonymous_5)
FNDA:238,(anonymous_6)
FNDA:153,(anonymous_7)
DA:5,2
DA:22,2
DA:35,17
DA:37,17
DA:38,17
DA:40,17
DA:48,85
DA:49,5
DA:54,17
DA:55,0
DA:56,0
DA:57,0
DA:58,0
DA:59,0
DA:60,0
DA:63,17
DA:64,0
DA:66,0
DA:68,0
DA:69,0
DA:70,0
DA:71,0
DA:74,0
DA:76,0
DA:77,0
DA:85,0
DA:87,0
DA:89,0
DA:90,0
DA:92,0
DA:96,17
DA:136,238
DA:152,153
LF:33
LH:13
BRDA:55,0,0,0
BRDA:55,0,1,0
BRDA:56,1,0,0
BRDA:56,1,1,0
BRDA:57,2,0,0
BRDA:57,2,1,0
BRDA:58,3,0,0
BRDA:58,3,1,0
BRDA:59,4,0,0
BRDA:59,4,1,0
BRDA:66,5,0,0
BRDA:66,5,1,0
BRDA:69,6,0,0
BRDA:69,6,1,0
BRDA:90,7,0,0
BRDA:90,7,1,0
BRDA:101,8,0,17
BRDA:101,8,1,0
BRDA:175,9,0,0
BRDA:175,9,1,17
BRF:20
BRH:2
end_of_record
TN:
SF:src\components\admin\adminSidebar.jsx
FN:5,Sidebar
FN:9,(anonymous_1)
FN:11,(anonymous_2)
FNF:3
FNH:0
FNDA:0,Sidebar
FNDA:0,(anonymous_1)
FNDA:0,(anonymous_2)
DA:6,0
DA:7,0
DA:9,0
DA:11,0
DA:12,0
DA:13,0
DA:16,0
DA:67,0
LF:8
LH:0
BRDA:27,0,0,0
BRDA:27,0,1,0
BRDA:38,1,0,0
BRDA:38,1,1,0
BRDA:49,2,0,0
BRDA:49,2,1,0
BRF:6
BRH:0
end_of_record
TN:
SF:src\components\applicant\Dashboard.jsx
FN:5,Dashboard
FNF:1
FNH:0
FNDA:0,Dashboard
DA:6,0
LF:1
LH:0
BRF:0
BRH:0
end_of_record
TN:
SF:src\components\applicant\OpportunityList.jsx
FN:4,OpportunityList
FN:45,(anonymous_1)
FN:55,(anonymous_2)
FNF:3
FNH:0
FNDA:0,OpportunityList
FNDA:0,(anonymous_1)
FNDA:0,(anonymous_2)
DA:5,0
DA:7,0
DA:34,0
DA:46,0
DA:56,0
LF:5
LH:0
BRDA:60,0,0,0
BRDA:60,0,1,0
BRF:2
BRH:0
end_of_record
TN:
SF:src\components\applicantDashboard\ApplicantProfile.jsx
FN:25,(anonymous_0)
FN:44,ApplicantProfile
FN:49,(anonymous_2)
FN:50,(anonymous_3)
FN:72,(anonymous_4)
FN:75,(anonymous_5)
FN:124,(anonymous_6)
FN:131,(anonymous_7)
FN:138,(anonymous_8)
FN:145,(anonymous_9)
FN:149,(anonymous_10)
FN:159,(anonymous_11)
FN:166,(anonymous_12)
FN:174,(anonymous_13)
FN:207,(anonymous_14)
FNF:15
FNH:10
FNDA:0,(anonymous_0)
FNDA:85,ApplicantProfile
FNDA:34,(anonymous_2)
FNDA:32,(anonymous_3)
FNDA:34,(anonymous_4)
FNDA:4,(anonymous_5)
FNDA:1,(anonymous_6)
FNDA:1,(anonymous_7)
FNDA:0,(anonymous_8)
FNDA:1,(anonymous_9)
FNDA:180,(anonymous_10)
FNDA:0,(anonymous_11)
FNDA:0,(anonymous_12)
FNDA:0,(anonymous_13)
FNDA:17,(anonymous_14)
DA:8,1
DA:13,1
DA:25,1
DA:26,0
DA:28,0
DA:35,0
DA:37,0
DA:41,0
DA:45,85
DA:46,85
DA:47,85
DA:49,85
DA:50,34
DA:51,32
DA:52,31
DA:53,31
DA:54,31
DA:56,31
DA:57,30
DA:62,1
DA:65,0
DA:68,1
DA:72,34
DA:75,85
DA:76,4
DA:77,4
DA:78,0
DA:79,0
DA:82,4
DA:84,4
DA:85,0
DA:86,0
DA:89,4
DA:90,4
DA:92,4
DA:102,3
DA:103,3
DA:104,3
DA:106,1
DA:107,1
DA:111,85
DA:113,51
DA:124,1
DA:131,1
DA:138,0
DA:145,1
DA:150,180
DA:159,0
DA:166,0
DA:174,0
DA:207,17
LF:51
LH:37
BRDA:35,0,0,0
BRDA:35,0,1,0
BRDA:51,1,0,31
BRDA:51,1,1,1
BRDA:56,2,0,30
BRDA:56,2,1,1
BRDA:77,3,0,0
BRDA:77,3,1,4
BRDA:84,4,0,0
BRDA:84,4,1,4
BRDA:111,5,0,34
BRDA:111,5,1,51
BRDA:117,6,0,20
BRDA:117,6,1,31
BRDA:123,7,0,20
BRDA:123,7,1,0
BRDA:130,8,0,20
BRDA:130,8,1,0
BRDA:137,9,0,20
BRDA:137,9,1,0
BRDA:144,10,0,20
BRDA:144,10,1,0
BRDA:158,11,0,20
BRDA:158,11,1,0
BRDA:165,12,0,20
BRDA:165,12,1,0
BRDA:194,13,0,31
BRDA:194,13,1,31
BRF:28
BRH:18
end_of_record
TN:
SF:src\components\applicantDashboard\CreateProfile.jsx
FN:14,(anonymous_0)
FN:33,CreateProfile
FN:45,(anonymous_2)
FN:47,(anonymous_3)
FN:53,(anonymous_4)
FNF:5
FNH:5
FNDA:1,(anonymous_0)
FNDA:19,CreateProfile
FNDA:8,(anonymous_2)
FNDA:8,(anonymous_3)
FNDA:3,(anonymous_4)
DA:9,1
DA:14,1
DA:15,1
DA:17,1
DA:24,1
DA:26,1
DA:30,1
DA:34,19
DA:43,19
DA:45,19
DA:46,8
DA:47,8
DA:53,19
DA:54,3
DA:56,3
DA:57,3
DA:59,3
DA:60,1
DA:61,1
DA:64,2
DA:66,2
DA:67,1
DA:70,2
DA:84,2
DA:85,2
DA:87,0
DA:88,0
DA:92,19
LF:28
LH:26
BRDA:24,0,0,0
BRDA:24,0,1,1
BRDA:49,1,0,2
BRDA:49,1,1,6
BRDA:59,2,0,1
BRDA:59,2,1,2
BRDA:66,3,0,1
BRDA:66,3,1,1
BRF:8
BRH:7
end_of_record
TN:
SF:src\components\applicantDashboard\Dashboard.jsx
FN:9,Dashboard
FN:14,(anonymous_1)
FN:17,(anonymous_2)
FN:18,(anonymous_3)
FN:23,(anonymous_4)
FN:24,(anonymous_5)
FN:27,(anonymous_6)
FN:43,(anonymous_7)
FNF:8
FNH:0
FNDA:0,Dashboard
FNDA:0,(anonymous_1)
FNDA:0,(anonymous_2)
FNDA:0,(anonymous_3)
FNDA:0,(anonymous_4)
FNDA:0,(anonymous_5)
FNDA:0,(anonymous_6)
FNDA:0,(anonymous_7)
DA:10,0
DA:11,0
DA:12,0
DA:14,0
DA:16,0
DA:17,0
DA:18,0
DA:22,0
DA:23,0
DA:24,0
DA:27,0
DA:28,0
DA:29,0
DA:33,0
DA:43,0
LF:15
LH:0
BRF:0
BRH:0
end_of_record
TN:
SF:src\components\applicantDashboard\MyApplications.jsx
FN:9,ProgressTracker
FN:16,(anonymous_1)
FN:47,MyApplications
FN:50,(anonymous_3)
FN:51,(anonymous_4)
FN:58,(anonymous_5)
FN:73,(anonymous_6)
FNF:7
FNH:4
FNDA:0,ProgressTracker
FNDA:0,(anonymous_1)
FNDA:17,MyApplications
FNDA:10,(anonymous_3)
FNDA:10,(anonymous_4)
FNDA:10,(anonymous_5)
FNDA:0,(anonymous_6)
DA:7,1
DA:10,0
DA:11,0
DA:12,0
DA:14,0
DA:17,0
DA:48,17
DA:50,17
DA:51,10
DA:52,10
DA:53,9
DA:54,9
DA:55,9
DA:58,10
DA:61,17
DA:74,0
LF:16
LH:10
BRDA:9,0,0,0
BRDA:9,1,0,0
BRDA:10,2,0,0
BRDA:10,2,1,0
BRDA:11,3,0,0
BRDA:11,3,1,0
BRDA:12,4,0,0
BRDA:12,4,1,0
BRDA:19,5,0,0
BRDA:19,5,1,0
BRDA:20,6,0,0
BRDA:20,6,1,0
BRDA:20,7,0,0
BRDA:20,7,1,0
BRDA:22,8,0,0
BRDA:22,8,1,0
BRDA:22,9,0,0
BRDA:22,9,1,0
BRDA:24,10,0,0
BRDA:24,10,1,0
BRDA:24,11,0,0
BRDA:24,11,1,0
BRDA:30,12,0,0
BRDA:30,12,1,0
BRDA:31,13,0,0
BRDA:31,13,1,0
BRDA:33,14,0,0
BRDA:33,14,1,0
BRDA:35,15,0,0
BRDA:35,15,1,0
BRDA:47,16,0,17
BRDA:52,17,0,1
BRDA:52,17,1,9
BRDA:54,18,0,9
BRDA:54,18,1,0
BRDA:55,19,0,9
BRDA:55,19,1,1
BRDA:55,19,2,1
BRDA:69,20,0,17
BRDA:69,20,1,0
BRDA:81,21,0,0
BRDA:81,21,1,0
BRF:42
BRH:8
end_of_record
TN:
SF:src\components\applicantDashboard\OpportunityList.jsx
FN:12,OpportunityList
FN:16,(anonymous_1)
FN:18,(anonymous_2)
FN:26,(anonymous_3)
FN:33,(anonymous_4)
FN:62,(anonymous_5)
FN:130,(anonymous_6)
FNF:7
FNH:0
FNDA:0,OpportunityList
FNDA:0,(anonymous_1)
FNDA:0,(anonymous_2)
FNDA:0,(anonymous_3)
FNDA:0,(anonymous_4)
FNDA:0,(anonymous_5)
FNDA:0,(anonymous_6)
DA:5,0
DA:13,0
DA:14,0
DA:16,0
DA:17,0
DA:18,0
DA:23,0
DA:24,0
DA:26,0
DA:33,0
DA:43,0
DA:47,0
DA:63,0
DA:64,0
DA:66,0
DA:130,0
LF:16
LH:0
BRDA:12,0,0,0
BRDA:37,1,0,0
BRDA:37,1,1,0
BRDA:56,2,0,0
BRDA:56,2,1,0
BRDA:63,3,0,0
BRDA:63,3,1,0
BRDA:74,4,0,0
BRDA:74,4,1,0
BRDA:80,5,0,0
BRDA:80,5,1,0
BRDA:85,6,0,0
BRDA:85,6,1,0
BRDA:92,7,0,0
BRDA:92,7,1,0
BRDA:98,8,0,0
BRDA:98,8,1,0
BRDA:105,9,0,0
BRDA:105,9,1,0
BRDA:110,10,0,0
BRDA:110,10,1,0
BRDA:119,11,0,0
BRDA:119,11,1,0
BRDA:135,12,0,0
BRDA:135,12,1,0
BRF:25
BRH:0
end_of_record
TN:
SF:src\context\AuthContext.jsx
FN:8,AuthProvider
FN:13,(anonymous_1)
FN:14,(anonymous_2)
FN:34,(anonymous_3)
FN:44,useAuth
FNF:5
FNH:0
FNDA:0,AuthProvider
FNDA:0,(anonymous_1)
FNDA:0,(anonymous_2)
FNDA:0,(anonymous_3)
FNDA:0,useAuth
DA:6,0
DA:9,0
DA:10,0
DA:11,0
DA:13,0
DA:14,0
DA:15,0
DA:17,0
DA:18,0
DA:19,0
DA:20,0
DA:23,0
DA:24,0
DA:25,0
DA:27,0
DA:28,0
DA:30,0
DA:34,0
DA:37,0
DA:45,0
LF:20
LH:0
BRDA:17,0,0,0
BRDA:17,0,1,0
BRDA:25,1,0,0
BRDA:25,1,1,0
BRDA:25,2,0,0
BRDA:25,2,1,0
BRF:6
BRH:0
end_of_record
TN:
SF:src\controllers\adminController.jsx
FN:8,(anonymous_0)
FN:10,(anonymous_1)
FN:11,(anonymous_2)
FNF:3
FNH:3
FNDA:7,(anonymous_0)
FNDA:28,(anonymous_1)
FNDA:28,(anonymous_2)
DA:1,1
DA:8,1
DA:9,7
DA:10,28
DA:11,28
DA:13,7
LF:6
LH:6
BRF:0
BRH:0
end_of_record
TN:
SF:src\pages\loginPage.jsx
FN:8,LoginPage
FN:12,(anonymous_1)
FNF:2
FNH:1
FNDA:15,LoginPage
FNDA:0,(anonymous_1)
DA:9,15
DA:10,15
DA:12,15
DA:13,0
DA:15,0
DA:17,0
DA:19,0
DA:22,0
DA:25,0
DA:26,0
DA:27,0
DA:30,0
DA:33,0
DA:36,0
DA:37,0
DA:38,0
DA:39,0
DA:41,0
DA:45,0
DA:47,0
DA:48,0
DA:50,0
DA:54,0
DA:58,15
LF:24
LH:4
BRDA:25,0,0,0
BRDA:25,0,1,0
BRDA:36,1,0,0
BRDA:36,1,1,0
BRDA:38,2,0,0
BRDA:38,2,1,0
BRDA:47,3,0,0
BRDA:47,3,1,0
BRDA:94,4,0,0
BRDA:94,4,1,15
BRF:10
BRH:1
end_of_record
TN:
SF:src\pages\signupPage.jsx
FN:20,SignupPage
FN:75,(anonymous_1)
FN:82,(anonymous_2)
FNF:3
FNH:0
FNDA:0,SignupPage
FNDA:0,(anonymous_1)
FNDA:0,(anonymous_2)
DA:7,0
DA:21,0
DA:23,0
DA:28,0
DA:76,0
DA:82,0
LF:6
LH:0
BRDA:81,0,0,0
BRDA:81,0,1,0
BRF:2
BRH:0
end_of_record
TN:
SF:src\pages\ProviderDashboard\ProviderDashboard.jsx
FN:16,ProviderDashboard
FN:25,(anonymous_1)
FN:32,(anonymous_2)
FN:37,(anonymous_3)
FN:37,(anonymous_4)
FN:38,(anonymous_5)
FN:40,(anonymous_6)
FN:45,(anonymous_7)
FN:50,(anonymous_8)
FNF:9
FNH:0
FNDA:0,ProviderDashboard
FNDA:0,(anonymous_1)
FNDA:0,(anonymous_2)
FNDA:0,(anonymous_3)
FNDA:0,(anonymous_4)
FNDA:0,(anonymous_5)
FNDA:0,(anonymous_6)
FNDA:0,(anonymous_7)
FNDA:0,(anonymous_8)
DA:17,0
DA:18,0
DA:19,0
DA:20,0
DA:21,0
DA:22,0
DA:23,0
DA:25,0
DA:26,0
DA:27,0
DA:28,0
DA:29,0
DA:32,0
DA:33,0
DA:34,0
DA:35,0
DA:37,0
DA:40,0
DA:43,0
DA:45,0
DA:46,0
DA:47,0
DA:50,0
DA:51,0
DA:54,0
LF:25
LH:0
BRDA:27,0,0,0
BRDA:27,0,1,0
BRDA:28,1,0,0
BRDA:28,1,1,0
BRDA:28,1,2,0
BRDA:34,2,0,0
BRDA:34,2,1,0
BRDA:61,3,0,0
BRDA:61,3,1,0
BRDA:68,4,0,0
BRDA:68,4,1,0
BRDA:69,5,0,0
BRDA:69,5,1,0
BRDA:70,6,0,0
BRDA:70,6,1,0
BRDA:71,7,0,0
BRDA:71,7,1,0
BRF:17
BRH:0
end_of_record
TN:
SF:src\pages\ProviderDashboard\components\ApplicationsPanel.jsx
FN:25,ApplicationsPanel
FN:34,(anonymous_1)
FN:40,(anonymous_2)
FN:44,(anonymous_3)
FN:51,(anonymous_4)
FN:54,(anonymous_5)
FN:58,(anonymous_6)
FN:71,(anonymous_7)
FN:75,(anonymous_8)
FN:81,(anonymous_9)
FN:137,(anonymous_10)
FN:144,(anonymous_11)
FN:158,(anonymous_12)
FN:162,(anonymous_13)
FN:170,(anonymous_14)
FN:200,(anonymous_15)
FN:210,(anonymous_16)
FN:340,(anonymous_17)
FN:348,(anonymous_18)
FNF:19
FNH:19
FNDA:157,ApplicationsPanel
FNDA:40,(anonymous_1)
FNDA:37,(anonymous_2)
FNDA:1,(anonymous_3)
FNDA:39,(anonymous_4)
FNDA:41,(anonymous_5)
FNDA:3,(anonymous_6)
FNDA:135,(anonymous_7)
FNDA:24,(anonymous_8)
FNDA:208,(anonymous_9)
FNDA:52,(anonymous_10)
FNDA:1,(anonymous_11)
FNDA:575,(anonymous_12)
FNDA:1792,(anonymous_13)
FNDA:4,(anonymous_14)
FNDA:274,(anonymous_15)
FNDA:16,(anonymous_16)
FNDA:54,(anonymous_17)
FNDA:3,(anonymous_18)
DA:9,1
DA:16,1
DA:23,1
DA:26,157
DA:27,157
DA:28,157
DA:29,157
DA:30,157
DA:31,157
DA:32,157
DA:34,157
DA:35,40
DA:36,40
DA:38,39
DA:41,37
DA:42,37
DA:45,1
DA:46,1
DA:47,1
DA:51,39
DA:54,157
DA:55,41
DA:58,157
DA:59,3
DA:61,3
DA:62,3
DA:64,1
DA:65,1
DA:67,2
DA:71,157
DA:73,135
DA:75,24
DA:77,135
DA:78,52
DA:80,52
DA:82,208
DA:88,135
DA:91,157
DA:92,40
DA:100,117
DA:101,2
DA:108,115
DA:137,52
DA:144,1
DA:160,575
DA:162,1792
DA:164,575
DA:170,4
DA:201,274
DA:211,16
DA:341,54
DA:349,3
LF:52
LH:52
BRDA:25,0,0,149
BRDA:36,1,0,1
BRDA:36,1,1,39
BRDA:73,2,0,126
BRDA:73,2,1,9
BRDA:77,3,0,52
BRDA:77,3,1,83
BRDA:82,4,0,208
BRDA:82,4,1,182
BRDA:82,4,2,171
BRDA:91,5,0,40
BRDA:91,5,1,117
BRDA:100,6,0,2
BRDA:100,6,1,115
BRDA:141,7,0,115
BRDA:141,7,1,52
BRDA:160,8,0,115
BRDA:160,8,1,460
BRDA:168,9,0,115
BRDA:168,9,1,460
BRDA:175,10,0,115
BRDA:175,10,1,460
BRDA:186,11,0,13
BRDA:186,11,1,102
BRDA:189,12,0,10
BRDA:189,12,1,3
BRDA:192,13,0,1
BRDA:192,13,1,2
BRDA:193,14,0,1
BRDA:193,14,1,0
BRDA:204,15,0,18
BRDA:204,15,1,256
BRDA:212,16,0,1
BRDA:212,16,1,15
BRDA:221,17,0,274
BRDA:221,17,1,0
BRDA:239,18,0,274
BRDA:239,18,1,0
BRDA:242,19,0,274
BRDA:242,19,1,0
BRDA:246,20,0,18
BRDA:246,20,1,256
BRDA:252,21,0,274
BRDA:252,21,1,18
BRDA:258,22,0,18
BRDA:258,22,1,18
BRDA:270,23,0,18
BRDA:270,23,1,14
BRDA:284,24,0,18
BRDA:284,24,1,4
BRDA:284,24,2,4
BRDA:284,24,3,14
BRDA:288,25,0,14
BRDA:288,25,1,14
BRDA:295,26,0,14
BRDA:295,26,1,14
BRDA:302,27,0,14
BRDA:302,27,1,14
BRDA:313,28,0,14
BRDA:313,28,1,4
BRDA:344,29,0,4
BRDA:344,29,1,50
BRDA:352,30,0,54
BRDA:352,30,1,45
BRDA:356,31,0,9
BRDA:356,31,1,45
BRDA:361,32,0,18
BRDA:361,32,1,4
BRDA:365,33,0,4
BRDA:365,33,1,0
BRF:70
BRH:65
end_of_record
TN:
SF:src\pages\ProviderDashboard\components\CreateOpportunityForm.jsx
FN:17,CreateOpportunityForm
FN:23,(anonymous_1)
FN:32,(anonymous_2)
FN:34,(anonymous_3)
FN:35,(anonymous_4)
FN:39,(anonymous_5)
FNF:6
FNH:6
FNDA:856,CreateOpportunityForm
FNDA:11,(anonymous_1)
FNDA:815,(anonymous_2)
FNDA:815,(anonymous_3)
FNDA:815,(anonymous_4)
FNDA:11,(anonymous_5)
DA:6,1
DA:8,1
DA:18,856
DA:19,856
DA:20,856
DA:21,856
DA:23,856
DA:24,11
DA:25,11
DA:26,11
DA:27,11
DA:28,11
DA:29,11
DA:32,856
DA:33,815
DA:34,815
DA:35,815
DA:36,815
DA:39,856
DA:40,11
DA:41,11
DA:42,11
DA:43,3
DA:44,3
DA:46,8
DA:47,8
DA:48,8
DA:49,8
DA:50,4
DA:51,4
DA:53,2
DA:54,2
DA:56,6
DA:60,856
LF:34
LH:34
BRDA:25,0,0,3
BRDA:25,0,1,8
BRDA:26,1,0,3
BRDA:26,1,1,8
BRDA:27,2,0,3
BRDA:27,2,1,8
BRDA:28,3,0,3
BRDA:28,3,1,8
BRDA:42,4,0,3
BRDA:42,4,1,8
BRDA:67,5,0,856
BRDA:67,5,1,3
BRDA:70,6,0,856
BRDA:70,6,1,2
BRDA:84,7,0,3
BRDA:84,7,1,853
BRDA:91,8,0,3
BRDA:91,8,1,853
BRDA:93,9,0,856
BRDA:93,9,1,3
BRDA:122,10,0,4
BRDA:122,10,1,852
BRDA:129,11,0,4
BRDA:129,11,1,852
BRDA:131,12,0,856
BRDA:131,12,1,4
BRDA:157,13,0,4
BRDA:157,13,1,852
BRDA:164,14,0,4
BRDA:164,14,1,852
BRDA:166,15,0,856
BRDA:166,15,1,4
BRDA:177,16,0,4
BRDA:177,16,1,852
BRDA:184,17,0,4
BRDA:184,17,1,852
BRDA:186,18,0,856
BRDA:186,18,1,4
BRDA:199,19,0,8
BRDA:199,19,1,848
BRF:40
BRH:40
end_of_record
TN:
SF:src\pages\ProviderDashboard\components\ListingsPanel.jsx
FN:28,formatDate
FN:40,isExpired
FN:46,ListingsPanel
FN:59,(anonymous_3)
FN:67,(anonymous_4)
FN:71,(anonymous_5)
FN:75,(anonymous_6)
FN:81,(anonymous_7)
FN:84,(anonymous_8)
FN:88,(anonymous_9)
FN:101,(anonymous_10)
FN:103,(anonymous_11)
FN:106,(anonymous_12)
FN:118,(anonymous_13)
FN:134,(anonymous_14)
FN:169,(anonymous_15)
FN:173,(anonymous_16)
FN:181,(anonymous_17)
FN:206,(anonymous_18)
FN:222,(anonymous_19)
FN:296,(anonymous_20)
FN:387,(anonymous_21)
FN:433,(anonymous_22)
FN:440,(anonymous_23)
FN:457,(anonymous_24)
FN:471,(anonymous_25)
FNF:26
FNH:26
FNDA:25,formatDate
FNDA:299,isExpired
FNDA:140,ListingsPanel
FNDA:31,(anonymous_3)
FNDA:29,(anonymous_4)
FNDA:81,(anonymous_5)
FNDA:1,(anonymous_6)
FNDA:31,(anonymous_7)
FNDA:32,(anonymous_8)
FNDA:6,(anonymous_9)
FNDA:15,(anonymous_10)
FNDA:15,(anonymous_11)
FNDA:3,(anonymous_12)
FNDA:3,(anonymous_13)
FNDA:15,(anonymous_14)
FNDA:424,(anonymous_15)
FNDA:927,(anonymous_16)
FNDA:2,(anonymous_17)
FNDA:299,(anonymous_18)
FNDA:16,(anonymous_19)
FNDA:3,(anonymous_20)
FNDA:1,(anonymous_21)
FNDA:6,(anonymous_22)
FNDA:5,(anonymous_23)
FNDA:3,(anonymous_24)
FNDA:1,(anonymous_25)
DA:12,1
DA:18,1
DA:24,1
DA:26,1
DA:29,25
DA:30,25
DA:31,25
DA:33,25
DA:41,299
DA:42,299
DA:43,299
DA:47,140
DA:48,140
DA:49,140
DA:50,140
DA:51,140
DA:52,140
DA:53,140
DA:54,140
DA:55,140
DA:56,140
DA:57,140
DA:59,140
DA:60,31
DA:61,31
DA:63,31
DA:65,31
DA:68,29
DA:69,29
DA:71,81
DA:72,29
DA:73,29
DA:76,1
DA:77,1
DA:81,31
DA:84,140
DA:85,32
DA:88,140
DA:89,6
DA:90,6
DA:98,6
DA:101,140
DA:102,15
DA:103,15
DA:106,140
DA:107,3
DA:108,3
DA:109,3
DA:110,1
DA:112,1
DA:114,2
DA:118,140
DA:119,3
DA:120,3
DA:121,3
DA:122,1
DA:123,1
DA:125,1
DA:127,2
DA:132,140
DA:134,15
DA:136,140
DA:137,31
DA:144,109
DA:145,3
DA:151,106
DA:171,424
DA:173,927
DA:175,424
DA:181,2
DA:207,299
DA:208,299
DA:209,299
DA:210,299
DA:212,299
DA:223,16
DA:224,16
DA:297,3
DA:298,3
DA:387,1
DA:433,6
DA:441,5
DA:458,3
DA:472,1
LF:84
LH:84
BRDA:29,0,0,0
BRDA:29,0,1,25
BRDA:30,1,0,0
BRDA:30,1,1,25
BRDA:31,2,0,0
BRDA:31,2,1,25
BRDA:41,3,0,0
BRDA:41,3,1,299
BRDA:42,4,0,0
BRDA:42,4,1,299
BRDA:46,5,0,132
BRDA:61,6,0,0
BRDA:61,6,1,31
BRDA:91,7,0,6
BRDA:91,7,1,0
BRDA:92,8,0,6
BRDA:92,8,1,0
BRDA:93,9,0,6
BRDA:93,9,1,0
BRDA:94,10,0,6
BRDA:94,10,1,0
BRDA:95,11,0,6
BRDA:95,11,1,0
BRDA:96,12,0,6
BRDA:96,12,1,0
BRDA:123,13,0,1
BRDA:123,13,1,0
BRDA:132,14,0,134
BRDA:132,14,1,6
BRDA:136,15,0,31
BRDA:136,15,1,109
BRDA:144,16,0,3
BRDA:144,16,1,106
BRDA:171,17,0,106
BRDA:171,17,1,318
BRDA:179,18,0,106
BRDA:179,18,1,318
BRDA:185,19,0,106
BRDA:185,19,1,318
BRDA:185,20,0,318
BRDA:185,20,1,0
BRDA:194,21,0,3
BRDA:194,21,1,103
BRDA:198,22,0,0
BRDA:198,22,1,3
BRDA:199,23,0,0
BRDA:199,23,1,0
BRDA:209,24,0,299
BRDA:209,24,1,79
BRDA:216,25,0,49
BRDA:216,25,1,250
BRDA:223,26,0,0
BRDA:223,26,1,16
BRDA:224,27,0,1
BRDA:224,27,1,15
BRDA:232,28,0,299
BRDA:232,28,1,0
BRDA:243,29,0,299
BRDA:243,29,1,299
BRDA:260,30,0,299
BRDA:260,30,1,0
BRDA:263,31,0,299
BRDA:263,31,1,0
BRDA:274,32,0,299
BRDA:274,32,1,100
BRDA:274,32,2,0
BRDA:285,33,0,49
BRDA:285,33,1,250
BRDA:291,34,0,299
BRDA:291,34,1,49
BRDA:293,35,0,24
BRDA:293,35,1,25
BRDA:382,36,0,3
BRDA:382,36,1,21
BRDA:395,37,0,25
BRDA:395,37,1,25
BRDA:402,38,0,25
BRDA:402,38,1,25
BRDA:407,39,0,0
BRDA:407,39,1,25
BRDA:413,40,0,25
BRDA:413,40,1,0
BRDA:423,41,0,25
BRDA:423,41,1,25
BRDA:448,42,0,25
BRDA:448,42,1,8
BRDA:465,43,0,3
BRDA:465,43,1,5
BRF:88
BRH:64
end_of_record
TN:
SF:src\pages\ProviderDashboard\components\Navbar.jsx
FN:3,Navbar
FN:7,(anonymous_1)
FNF:2
FNH:2
FNDA:16,Navbar
FNDA:26,(anonymous_1)
DA:4,16
DA:7,26
DA:13,16
LF:3
LH:3
BRDA:4,0,0,13
BRDA:4,0,1,3
BRDA:18,1,0,16
BRDA:18,1,1,3
BRF:4
BRH:4
end_of_record
TN:
SF:src\pages\ProviderDashboard\components\NotificationsPanel.jsx
FN:27,timeAgo
FN:41,NotificationsPanel
FN:47,(anonymous_2)
FN:53,(anonymous_3)
FN:54,(anonymous_4)
FN:57,(anonymous_5)
FN:60,(anonymous_6)
FN:64,(anonymous_7)
FN:65,(anonymous_8)
FN:66,(anonymous_9)
FN:72,(anonymous_10)
FN:73,(anonymous_11)
FN:75,(anonymous_12)
FN:111,(anonymous_13)
FN:115,(anonymous_14)
FN:130,(anonymous_15)
FN:157,(anonymous_16)
FNF:17
FNH:17
FNDA:116,timeAgo
FNDA:67,NotificationsPanel
FNDA:30,(anonymous_2)
FNDA:28,(anonymous_3)
FNDA:1,(anonymous_4)
FNDA:30,(anonymous_5)
FNDA:1,(anonymous_6)
FNDA:1,(anonymous_7)
FNDA:4,(anonymous_8)
FNDA:2,(anonymous_9)
FNDA:12,(anonymous_10)
FNDA:16,(anonymous_11)
FNDA:136,(anonymous_12)
FNDA:216,(anonymous_13)
FNDA:8,(anonymous_14)
FNDA:116,(anonymous_15)
FNDA:1,(anonymous_16)
DA:9,1
DA:18,1
DA:28,116
DA:29,116
DA:30,116
DA:31,116
DA:32,116
DA:33,116
DA:34,116
DA:35,116
DA:36,86
DA:37,56
DA:38,28
DA:42,67
DA:43,67
DA:44,67
DA:45,67
DA:47,67
DA:48,30
DA:49,30
DA:51,30
DA:53,28
DA:54,1
DA:57,30
DA:60,67
DA:61,1
DA:64,67
DA:65,4
DA:66,2
DA:69,67
DA:72,12
DA:73,16
DA:75,136
DA:77,67
DA:78,37
DA:80,36
DA:112,216
DA:115,8
DA:131,116
DA:157,1
LF:40
LH:40
BRDA:28,0,0,0
BRDA:28,0,1,116
BRDA:29,1,0,116
BRDA:29,1,1,0
BRDA:34,2,0,0
BRDA:34,2,1,116
BRDA:35,3,0,30
BRDA:35,3,1,86
BRDA:36,4,0,30
BRDA:36,4,1,56
BRDA:37,5,0,28
BRDA:37,5,1,28
BRDA:49,6,0,0
BRDA:49,6,1,30
BRDA:69,7,0,60
BRDA:69,7,1,7
BRDA:71,8,0,3
BRDA:71,8,1,4
BRDA:77,9,0,30
BRDA:77,9,1,37
BRDA:78,10,0,1
BRDA:78,10,1,36
BRDA:86,11,0,36
BRDA:86,11,1,30
BRDA:90,12,0,36
BRDA:90,12,1,30
BRDA:114,13,0,36
BRDA:114,13,1,180
BRDA:119,14,0,216
BRDA:119,14,1,36
BRDA:119,14,2,30
BRDA:126,15,0,3
BRDA:126,15,1,33
BRDA:133,16,0,62
BRDA:133,16,1,54
BRDA:136,17,0,116
BRDA:136,17,1,0
BRDA:146,18,0,116
BRDA:146,18,1,116
BRDA:148,19,0,116
BRDA:148,19,1,0
BRDA:154,20,0,116
BRDA:154,20,1,54
BRF:43
BRH:37
end_of_record
TN:
SF:src\pages\ProviderDashboard\components\OverviewCards.jsx
FN:63,OverviewCards
FN:72,(anonymous_1)
FN:80,(anonymous_2)
FN:84,(anonymous_3)
FN:90,(anonymous_4)
FN:113,(anonymous_5)
FN:160,(anonymous_6)
FN:175,(anonymous_7)
FNF:8
FNH:8
FNDA:35,OverviewCards
FNDA:19,(anonymous_1)
FNDA:15,(anonymous_2)
FNDA:1,(anonymous_3)
FNDA:6,(anonymous_4)
FNDA:114,(anonymous_5)
FNDA:90,(anonymous_6)
FNDA:6,(anonymous_7)
DA:6,1
DA:68,35
DA:69,35
DA:70,35
DA:72,35
DA:73,19
DA:75,19
DA:77,18
DA:79,18
DA:81,15
DA:82,15
DA:85,1
DA:86,1
DA:90,35
DA:91,6
DA:92,3
DA:95,6
DA:96,3
DA:99,6
DA:103,35
DA:107,35
DA:108,19
DA:114,114
DA:123,16
DA:124,1
DA:131,15
DA:169,90
DA:175,6
LF:28
LH:28
BRDA:75,0,0,1
BRDA:75,0,1,18
BRDA:91,1,0,3
BRDA:91,1,1,3
BRDA:95,2,0,3
BRDA:95,2,1,3
BRDA:103,3,0,13
BRDA:103,3,1,22
BRDA:107,4,0,19
BRDA:107,4,1,16
BRDA:123,5,0,1
BRDA:123,5,1,15
BRDA:177,6,0,90
BRDA:177,6,1,6
BRDA:197,7,0,90
BRDA:197,7,1,6
BRF:16
BRH:16
end_of_record
TN:
SF:src\pages\ProviderDashboard\components\Sidebar.jsx
FN:11,Sidebar
FN:27,(anonymous_1)
FN:33,(anonymous_2)
FNF:3
FNH:3
FNDA:27,Sidebar
FNDA:135,(anonymous_1)
FNDA:6,(anonymous_2)
DA:3,1
DA:12,27
DA:28,135
DA:33,6
LF:4
LH:4
BRDA:11,0,0,23
BRDA:31,1,0,27
BRDA:31,1,1,108
BRDA:32,2,0,27
BRDA:32,2,1,108
BRDA:34,3,0,27
BRDA:34,3,1,108
BRDA:47,4,0,135
BRDA:47,4,1,27
BRDA:47,4,2,3
BRF:10
BRH:10
end_of_record
TN:
SF:src\pages\ProviderDashboard\hooks\useProviderWatcher.js
FN:16,useProviderWatcher
FN:20,(anonymous_1)
FN:39,(anonymous_2)
FN:83,(anonymous_3)
FN:85,(anonymous_4)
FN:87,(anonymous_5)
FN:95,(anonymous_6)
FN:104,(anonymous_7)
FN:163,(anonymous_8)
FN:164,(anonymous_9)
FN:168,(anonymous_10)
FN:177,safeWriteNotification
FNF:12
FNH:0
FNDA:0,useProviderWatcher
FNDA:0,(anonymous_1)
FNDA:0,(anonymous_2)
FNDA:0,(anonymous_3)
FNDA:0,(anonymous_4)
FNDA:0,(anonymous_5)
FNDA:0,(anonymous_6)
FNDA:0,(anonymous_7)
FNDA:0,(anonymous_8)
FNDA:0,(anonymous_9)
FNDA:0,(anonymous_10)
FNDA:0,safeWriteNotification
DA:17,0
DA:18,0
DA:20,0
DA:21,0
DA:24,0
DA:25,0
DA:27,0
DA:28,0
DA:30,0
DA:31,0
DA:34,0
DA:39,0
DA:40,0
DA:42,0
DA:43,0
DA:44,0
DA:45,0
DA:47,0
DA:51,0
DA:52,0
DA:53,0
DA:61,0
DA:62,0
DA:72,0
DA:73,0
DA:78,0
DA:79,0
DA:83,0
DA:84,0
DA:85,0
DA:87,0
DA:89,0
DA:90,0
DA:91,0
DA:94,0
DA:95,0
DA:96,0
DA:99,0
DA:104,0
DA:105,0
DA:107,0
DA:108,0
DA:110,0
DA:113,0
DA:115,0
DA:116,0
DA:118,0
DA:119,0
DA:121,0
DA:123,0
DA:124,0
DA:125,0
DA:126,0
DA:127,0
DA:133,0
DA:134,0
DA:135,0
DA:136,0
DA:137,0
DA:142,0
DA:152,0
DA:153,0
DA:160,0
DA:163,0
DA:164,0
DA:165,0
DA:168,0
DA:169,0
DA:170,0
DA:178,0
DA:179,0
DA:181,0
DA:191,0
DA:192,0
DA:193,0
DA:196,0
DA:206,0
DA:208,0
LF:78
LH:0
BRDA:21,0,0,0
BRDA:21,0,1,0
BRDA:27,1,0,0
BRDA:27,1,1,0
BRDA:28,2,0,0
BRDA:28,2,1,0
BRDA:51,3,0,0
BRDA:51,3,1,0
BRDA:51,4,0,0
BRDA:51,4,1,0
BRDA:52,5,0,0
BRDA:52,5,1,0
BRDA:61,6,0,0
BRDA:61,6,1,0
BRDA:72,7,0,0
BRDA:72,7,1,0
BRDA:87,8,0,0
BRDA:87,8,1,0
BRDA:96,9,0,0
BRDA:96,9,1,0
BRDA:108,10,0,0
BRDA:108,10,1,0
BRDA:113,11,0,0
BRDA:113,11,1,0
BRDA:119,12,0,0
BRDA:119,12,1,0
BRDA:125,13,0,0
BRDA:125,13,1,0
BRDA:127,14,0,0
BRDA:127,14,1,0
BRDA:127,15,0,0
BRDA:127,15,1,0
BRDA:129,16,0,0
BRDA:129,16,1,0
BRDA:133,17,0,0
BRDA:133,17,1,0
BRDA:136,18,0,0
BRDA:136,18,1,0
BRDA:137,19,0,0
BRDA:137,19,1,0
BRDA:152,20,0,0
BRDA:152,20,1,0
BRDA:165,21,0,0
BRDA:165,21,1,0
BRDA:177,22,0,0
BRDA:191,23,0,0
BRDA:191,23,1,0
BRDA:203,24,0,0
BRDA:203,24,1,0
BRF:49
BRH:0
end_of_record
TN:
SF:src\pages\admin\Opportunities.jsx
FN:7,Opportunities
FN:13,(anonymous_1)
FN:17,fetchOpportunities
FN:22,(anonymous_3)
FN:35,handleStatusChange
FN:38,(anonymous_5)
FN:39,(anonymous_6)
FN:49,(anonymous_7)
FN:51,(anonymous_8)
FN:83,(anonymous_9)
FN:86,(anonymous_10)
FN:117,(anonymous_11)
FN:137,(anonymous_12)
FN:146,(anonymous_13)
FN:158,(anonymous_14)
FN:169,(anonymous_15)
FNF:16
FNH:15
FNDA:45,Opportunities
FNDA:20,(anonymous_1)
FNDA:20,fetchOpportunities
FNDA:51,(anonymous_3)
FNDA:4,handleStatusChange
FNDA:3,(anonymous_5)
FNDA:9,(anonymous_6)
FNDA:9,(anonymous_7)
FNDA:69,(anonymous_8)
FNDA:96,(anonymous_9)
FNDA:3,(anonymous_10)
FNDA:63,(anonymous_11)
FNDA:2,(anonymous_12)
FNDA:1,(anonymous_13)
FNDA:0,(anonymous_14)
FNDA:1,(anonymous_15)
DA:8,45
DA:9,45
DA:10,45
DA:11,45
DA:13,45
DA:14,20
DA:18,20
DA:19,20
DA:20,20
DA:21,20
DA:22,51
DA:26,18
DA:28,1
DA:29,1
DA:31,19
DA:36,4
DA:37,4
DA:38,4
DA:39,9
DA:42,0
DA:43,0
DA:47,45
DA:49,9
DA:51,69
DA:53,45
DA:54,20
DA:61,25
DA:62,1
DA:69,24
DA:84,96
DA:86,3
DA:118,63
DA:137,2
DA:146,1
DA:158,0
DA:169,1
LF:36
LH:33
BRDA:39,0,0,3
BRDA:39,0,1,6
BRDA:47,1,0,42
BRDA:47,1,1,3
BRDA:53,2,0,20
BRDA:53,2,1,25
BRDA:61,3,0,1
BRDA:61,3,1,24
BRDA:88,4,0,24
BRDA:88,4,1,72
BRDA:99,5,0,1
BRDA:99,5,1,23
BRDA:100,6,0,1
BRDA:100,6,1,0
BRDA:132,7,0,63
BRDA:132,7,1,19
BRDA:154,8,0,63
BRDA:154,8,1,23
BRDA:165,9,0,63
BRDA:165,9,1,21
BRF:20
BRH:19
end_of_record
TN:
SF:src\pages\admin\Users.jsx
FN:8,Users
FN:19,(anonymous_1)
FN:23,fetchUsers
FN:28,(anonymous_3)
FN:42,handleRemove
FN:51,(anonymous_5)
FN:52,(anonymous_6)
FN:64,(anonymous_7)
FN:65,(anonymous_8)
FN:70,(anonymous_9)
FN:73,(anonymous_10)
FN:80,(anonymous_11)
FN:81,(anonymous_12)
FN:82,(anonymous_13)
FN:83,(anonymous_14)
FN:85,formatDate
FN:143,(anonymous_16)
FN:151,(anonymous_17)
FN:168,(anonymous_18)
FN:174,(anonymous_19)
FN:177,(anonymous_20)
FN:213,(anonymous_21)
FN:238,(anonymous_22)
FNF:23
FNH:1
FNDA:51,Users
FNDA:0,(anonymous_1)
FNDA:0,fetchUsers
FNDA:0,(anonymous_3)
FNDA:0,handleRemove
FNDA:0,(anonymous_5)
FNDA:0,(anonymous_6)
FNDA:0,(anonymous_7)
FNDA:0,(anonymous_8)
FNDA:0,(anonymous_9)
FNDA:0,(anonymous_10)
FNDA:0,(anonymous_11)
FNDA:0,(anonymous_12)
FNDA:0,(anonymous_13)
FNDA:0,(anonymous_14)
FNDA:0,formatDate
FNDA:0,(anonymous_16)
FNDA:0,(anonymous_17)
FNDA:0,(anonymous_18)
FNDA:0,(anonymous_19)
FNDA:0,(anonymous_20)
FNDA:0,(anonymous_21)
FNDA:0,(anonymous_22)
DA:9,51
DA:10,50
DA:11,50
DA:12,50
DA:13,50
DA:14,50
DA:15,50
DA:17,50
DA:19,0
DA:20,0
DA:24,0
DA:25,0
DA:26,0
DA:27,0
DA:28,0
DA:32,0
DA:34,0
DA:35,0
DA:37,0
DA:43,0
DA:46,0
DA:48,0
DA:49,0
DA:50,0
DA:51,0
DA:52,0
DA:55,0
DA:56,0
DA:58,0
DA:63,0
DA:64,0
DA:65,0
DA:68,0
DA:70,0
DA:73,0
DA:74,0
DA:75,0
DA:76,0
DA:80,0
DA:81,0
DA:82,0
DA:83,0
DA:86,0
DA:87,0
DA:94,0
DA:95,0
DA:102,0
DA:103,0
DA:110,0
DA:143,0
DA:151,0
DA:168,0
DA:175,0
DA:177,0
DA:214,0
DA:238,0
LF:56
LH:8
BRDA:46,0,0,0
BRDA:46,0,1,0
BRDA:52,1,0,0
BRDA:52,1,1,0
BRDA:63,2,0,0
BRDA:63,2,1,0
BRDA:68,3,0,0
BRDA:68,3,1,0
BRDA:76,4,0,0
BRDA:76,4,1,0
BRDA:80,5,0,0
BRDA:80,5,1,0
BRDA:86,6,0,0
BRDA:86,6,1,0
BRDA:94,7,0,0
BRDA:94,7,1,0
BRDA:102,8,0,0
BRDA:102,8,1,0
BRDA:145,9,0,0
BRDA:145,9,1,0
BRDA:153,10,0,0
BRDA:153,10,1,0
BRDA:179,11,0,0
BRDA:179,11,1,0
BRDA:191,12,0,0
BRDA:191,12,1,0
BRDA:193,13,0,0
BRDA:193,13,1,0
BRDA:194,14,0,0
BRDA:194,14,1,0
BRDA:226,15,0,0
BRDA:226,15,1,0
BRDA:227,16,0,0
BRDA:227,16,1,0
BRDA:235,17,0,0
BRDA:235,17,1,0
BRDA:235,17,2,0
BRDA:242,18,0,0
BRDA:242,18,1,0
BRF:39
BRH:0
end_of_record
TN:
SF:src\pages\admin\adminDashboard.jsx
FN:5,AdminDashboard
FN:10,(anonymous_1)
FN:11,fetchStats
FNF:3
FNH:3
FNDA:10,AdminDashboard
FNDA:6,(anonymous_1)
FNDA:6,fetchStats
DA:6,10
DA:7,10
DA:8,10
DA:10,10
DA:12,6
DA:13,6
DA:14,4
DA:16,1
DA:17,1
DA:19,5
DA:23,6
DA:26,10
DA:27,4
DA:29,3
LF:14
LH:14
BRDA:26,0,0,6
BRDA:26,0,1,4
BRDA:27,1,0,1
BRDA:27,1,1,3
BRF:4
BRH:4
end_of_record
TN:
SF:src\pages\admin\adminLayout.jsx
FN:4,AdminLayout
FNF:1
FNH:0
FNDA:0,AdminLayout
DA:5,0
LF:1
LH:0
BRF:0
BRH:0
end_of_record
TN:
SF:src\router\AppRouter.jsx
FN:17,AppRouter
FNF:1
FNH:0
FNDA:0,AppRouter
DA:18,0
LF:1
LH:0
BRF:0
BRH:0
end_of_record
TN:
SF:src\routes\adminRoutes.jsx
FNF:0
FNH:0
DA:1,0
DA:2,0
DA:4,0
DA:6,0
DA:8,0
LF:5
LH:0
BRF:0
BRH:0
end_of_record
TN:
SF:src\routes\appRouter.jsx
FN:14,AppRouter
FNF:1
FNH:0
FNDA:0,AppRouter
DA:15,0
LF:1
LH:0
BRF:0
BRH:0
end_of_record
TN:
SF:src\services\api.js
FN:4,getAdminDashboard
FNF:1
FNH:0
FNDA:0,getAdminDashboard
DA:5,0
DA:6,0
DA:9,0
DA:15,0
DA:21,0
DA:22,0
LF:6
LH:0
BRF:0
BRH:0
end_of_record
TN:
SF:src\services\api.jsx
FNF:0
FNH:0
LF:0
LH:0
BRF:0
BRH:0
end_of_record
TN:
SF:src\services\authService.js
FN:16,(anonymous_0)
FN:57,(anonymous_1)
FNF:2
FNH:2
FNDA:2,(anonymous_0)
FNDA:3,(anonymous_1)
DA:16,3
DA:17,2
DA:19,2
DA:23,0
DA:24,0
DA:26,0
DA:27,0
DA:30,0
DA:31,0
DA:33,0
DA:34,0
DA:43,0
DA:46,0
DA:48,0
DA:49,0
DA:50,0
DA:53,0
DA:57,3
DA:63,3
DA:69,3
DA:71,1
DA:80,1
LF:22
LH:8
BRDA:16,0,0,2
BRDA:26,1,0,0
BRDA:26,1,1,0
BRDA:26,2,0,0
BRDA:26,2,1,0
BRDA:33,3,0,0
BRDA:33,3,1,0
BRDA:48,4,0,0
BRDA:48,4,1,0
BRDA:61,5,0,2
BRF:10
BRH:2
end_of_record
TN:
SF:src\services\firebase.js
FNF:0
FNH:0
DA:5,1
DA:6,1
DA:7,1
DA:8,1
DA:10,1
DA:18,1
DA:19,1
DA:21,1
DA:22,1
DA:23,1
LF:10
LH:10
BRF:0
BRH:0
end_of_record
TN:
SF:src\services\providerService.js
FN:24,(anonymous_0)
FN:39,(anonymous_1)
FN:55,(anonymous_2)
FN:62,(anonymous_3)
FN:64,(anonymous_4)
FN:65,(anonymous_5)
FN:72,(anonymous_6)
FN:82,(anonymous_7)
FN:89,(anonymous_8)
FN:110,(anonymous_9)
FN:122,(anonymous_10)
FN:126,(anonymous_11)
FN:135,(anonymous_12)
FN:146,(anonymous_13)
FN:153,(anonymous_14)
FN:153,(anonymous_15)
FN:158,(anonymous_16)
FN:170,(anonymous_17)
FN:175,(anonymous_18)
FN:179,(anonymous_19)
FN:190,(anonymous_20)
FN:214,(anonymous_21)
FN:220,(anonymous_22)
FN:221,(anonymous_23)
FN:223,(anonymous_24)
FN:237,(anonymous_25)
FN:238,(anonymous_26)
FN:241,(anonymous_27)
FN:296,(anonymous_28)
FN:352,(anonymous_29)
FN:373,(anonymous_30)
FN:394,(anonymous_31)
FNF:32
FNH:0
FNDA:0,(anonymous_0)
FNDA:0,(anonymous_1)
FNDA:0,(anonymous_2)
FNDA:0,(anonymous_3)
FNDA:0,(anonymous_4)
FNDA:0,(anonymous_5)
FNDA:0,(anonymous_6)
FNDA:0,(anonymous_7)
FNDA:0,(anonymous_8)
FNDA:0,(anonymous_9)
FNDA:0,(anonymous_10)
FNDA:0,(anonymous_11)
FNDA:0,(anonymous_12)
FNDA:0,(anonymous_13)
FNDA:0,(anonymous_14)
FNDA:0,(anonymous_15)
FNDA:0,(anonymous_16)
FNDA:0,(anonymous_17)
FNDA:0,(anonymous_18)
FNDA:0,(anonymous_19)
FNDA:0,(anonymous_20)
FNDA:0,(anonymous_21)
FNDA:0,(anonymous_22)
FNDA:0,(anonymous_23)
FNDA:0,(anonymous_24)
FNDA:0,(anonymous_25)
FNDA:0,(anonymous_26)
FNDA:0,(anonymous_27)
FNDA:0,(anonymous_28)
FNDA:0,(anonymous_29)
FNDA:0,(anonymous_30)
FNDA:0,(anonymous_31)
DA:18,0
DA:19,0
DA:20,0
DA:24,0
DA:25,0
DA:26,0
DA:33,0
DA:39,0
DA:40,0
DA:41,0
DA:51,0
DA:55,0
DA:56,0
DA:60,0
DA:63,0
DA:64,0
DA:65,0
DA:66,0
DA:72,0
DA:73,0
DA:74,0
DA:76,0
DA:82,0
DA:83,0
DA:87,0
DA:89,0
DA:90,0
DA:91,0
DA:92,0
DA:93,0
DA:96,0
DA:97,0
DA:100,0
DA:101,0
DA:103,0
DA:105,0
DA:106,0
DA:109,0
DA:110,0
DA:111,0
DA:112,0
DA:113,0
DA:117,0
DA:122,0
DA:123,0
DA:125,0
DA:126,0
DA:128,0
DA:129,0
DA:131,0
DA:132,0
DA:135,0
DA:136,0
DA:137,0
DA:141,0
DA:146,0
DA:147,0
DA:151,0
DA:153,0
DA:158,0
DA:159,0
DA:160,0
DA:167,0
DA:170,0
DA:171,0
DA:172,0
DA:175,0
DA:176,0
DA:179,0
DA:180,0
DA:181,0
DA:189,0
DA:190,0
DA:191,0
DA:192,0
DA:193,0
DA:195,0
DA:199,0
DA:200,0
DA:209,0
DA:214,0
DA:215,0
DA:220,0
DA:221,0
DA:222,0
DA:223,0
DA:224,0
DA:227,0
DA:229,0
DA:230,0
DA:232,0
DA:237,0
DA:238,0
DA:240,0
DA:242,0
DA:243,0
DA:244,0
DA:245,0
DA:246,0
DA:247,0
DA:248,0
DA:250,0
DA:251,0
DA:252,0
DA:253,0
DA:254,0
DA:255,0
DA:261,0
DA:262,0
DA:263,0
DA:264,0
DA:265,0
DA:266,0
DA:267,0
DA:268,0
DA:269,0
DA:270,0
DA:274,0
DA:289,0
DA:293,0
DA:296,0
DA:297,0
DA:298,0
DA:299,0
DA:301,0
DA:303,0
DA:304,0
DA:305,0
DA:307,0
DA:308,0
DA:309,0
DA:310,0
DA:311,0
DA:312,0
DA:318,0
DA:319,0
DA:320,0
DA:323,0
DA:325,0
DA:332,0
DA:333,0
DA:342,0
DA:343,0
DA:352,0
DA:353,0
DA:356,0
DA:360,0
DA:361,0
DA:368,0
DA:369,0
DA:373,0
DA:374,0
DA:377,0
DA:381,0
DA:382,0
DA:389,0
DA:390,0
DA:394,0
DA:395,0
LF:159
LH:0
BRDA:39,0,0,0
BRDA:48,1,0,0
BRDA:48,1,1,0
BRDA:65,2,0,0
BRDA:65,2,1,0
BRDA:65,3,0,0
BRDA:65,3,1,0
BRDA:91,4,0,0
BRDA:91,4,1,0
BRDA:92,5,0,0
BRDA:92,5,1,0
BRDA:96,6,0,0
BRDA:96,6,1,0
BRDA:112,7,0,0
BRDA:112,7,1,0
BRDA:113,8,0,0
BRDA:113,8,1,0
BRDA:123,9,0,0
BRDA:123,9,1,0
BRDA:123,10,0,0
BRDA:123,10,1,0
BRDA:137,11,0,0
BRDA:137,11,1,0
BRDA:162,12,0,0
BRDA:162,12,1,0
BRDA:163,13,0,0
BRDA:163,13,1,0
BRDA:163,13,2,0
BRDA:193,14,0,0
BRDA:193,14,1,0
BRDA:195,15,0,0
BRDA:195,15,1,0
BRDA:199,16,0,0
BRDA:199,16,1,0
BRDA:224,17,0,0
BRDA:224,17,1,0
BRDA:227,18,0,0
BRDA:227,18,1,0
BRDA:252,19,0,0
BRDA:252,19,1,0
BRDA:254,20,0,0
BRDA:254,20,1,0
BRDA:255,21,0,0
BRDA:255,21,1,0
BRDA:255,22,0,0
BRDA:255,22,1,0
BRDA:257,23,0,0
BRDA:257,23,1,0
BRDA:263,24,0,0
BRDA:263,24,1,0
BRDA:265,25,0,0
BRDA:265,25,1,0
BRDA:265,26,0,0
BRDA:265,26,1,0
BRDA:266,27,0,0
BRDA:266,27,1,0
BRDA:267,28,0,0
BRDA:267,28,1,0
BRDA:268,29,0,0
BRDA:268,29,1,0
BRDA:269,30,0,0
BRDA:269,30,1,0
BRDA:270,31,0,0
BRDA:270,31,1,0
BRDA:276,32,0,0
BRDA:276,32,1,0
BRDA:277,33,0,0
BRDA:277,33,1,0
BRDA:277,33,2,0
BRDA:299,34,0,0
BRDA:299,34,1,0
BRDA:305,35,0,0
BRDA:305,35,1,0
BRDA:309,36,0,0
BRDA:309,36,1,0
BRDA:311,37,0,0
BRDA:311,37,1,0
BRDA:312,38,0,0
BRDA:312,38,1,0
BRDA:312,39,0,0
BRDA:312,39,1,0
BRDA:314,40,0,0
BRDA:314,40,1,0
BRDA:320,41,0,0
BRDA:320,41,1,0
BRDA:320,42,0,0
BRDA:320,42,1,0
BRDA:332,43,0,0
BRDA:332,43,1,0
BRDA:332,44,0,0
BRDA:332,44,1,0
BRDA:342,45,0,0
BRDA:342,45,1,0
BRDA:342,46,0,0
BRDA:342,46,1,0
BRDA:353,47,0,0
BRDA:353,47,1,0
BRDA:356,48,0,0
BRDA:356,48,1,0
BRDA:360,49,0,0
BRDA:360,49,1,0
BRDA:363,50,0,0
BRDA:363,50,1,0
BRDA:368,51,0,0
BRDA:368,51,1,0
BRDA:374,52,0,0
BRDA:374,52,1,0
BRDA:377,53,0,0
BRDA:377,53,1,0
BRDA:381,54,0,0
BRDA:381,54,1,0
BRDA:384,55,0,0
BRDA:384,55,1,0
BRDA:389,56,0,0
BRDA:389,56,1,0
BRF:115
BRH:0
end_of_record
TN:
SF:src\services\userService.js
FN:19,(anonymous_0)
FN:36,(anonymous_1)
FN:54,(anonymous_2)
FN:62,(anonymous_3)
FN:63,(anonymous_4)
FN:77,(anonymous_5)
FN:81,(anonymous_6)
FN:91,(anonymous_7)
FN:92,(anonymous_8)
FN:105,(anonymous_9)
FNF:10
FNH:0
FNDA:0,(anonymous_0)
FNDA:0,(anonymous_1)
FNDA:0,(anonymous_2)
FNDA:0,(anonymous_3)
FNDA:0,(anonymous_4)
FNDA:0,(anonymous_5)
FNDA:0,(anonymous_6)
FNDA:0,(anonymous_7)
FNDA:0,(anonymous_8)
FNDA:0,(anonymous_9)
DA:19,0
DA:20,0
DA:21,0
DA:22,0
DA:23,0
DA:24,0
DA:26,0
DA:27,0
DA:36,0
DA:37,0
DA:38,0
DA:39,0
DA:40,0
DA:41,0
DA:43,0
DA:44,0
DA:54,0
DA:55,0
DA:60,0
DA:63,0
DA:64,0
DA:77,0
DA:78,0
DA:79,0
DA:80,0
DA:81,0
DA:84,0
DA:89,0
DA:92,0
DA:93,0
DA:105,0
DA:106,0
DA:107,0
DA:110,0
DA:115,0
DA:116,0
DA:119,0
DA:121,0
DA:125,0
LF:39
LH:0
BRDA:23,0,0,0
BRDA:23,0,1,0
BRDA:40,1,0,0
BRDA:40,1,1,0
BRDA:79,2,0,0
BRDA:79,2,1,0
BRDA:107,3,0,0
BRDA:107,3,1,0
BRDA:116,4,0,0
BRDA:116,4,1,0
BRDA:121,5,0,0
BRDA:121,5,1,0
BRDA:122,6,0,0
BRDA:122,6,1,0
BRDA:122,6,2,0
BRDA:123,7,0,0
BRDA:123,7,1,0
BRDA:137,8,0,0
BRDA:137,8,1,0
BRDA:138,9,0,0
BRDA:138,9,1,0
BRDA:139,10,0,0
BRDA:139,10,1,0
BRF:23
BRH:0
end_of_record
TN:
SF:src\utils\formatDate.jsx
FNF:0
FNH:0
LF:0
LH:0
BRF:0
BRH:0
end_of_record
