TN:
SF:src\App.jsx
FN:3,App
FNF:1
FNH:0
FNDA:0,App
DA:4,0
LF:1
LH:0
BRF:0
BRH:0
end_of_record
TN:
SF:src\firebase.jsx
FNF:0
FNH:0
DA:6,0
DA:15,0
DA:17,0
DA:18,0
DA:19,0
DA:20,0
LF:6
LH:0
BRF:0
BRH:0
end_of_record
TN:
SF:src\firebaseConfig.jsx
FNF:0
FNH:0
DA:4,0
LF:1
LH:0
BRF:0
BRH:0
end_of_record
TN:
SF:src\index.jsx
FNF:0
FNH:0
DA:5,0
DA:6,0
LF:2
LH:0
BRF:0
BRH:0
end_of_record
TN:
SF:src\components\ApplicationsPanel.jsx
FN:1,ApplicationsPanel
FN:17,(anonymous_1)
FNF:2
FNH:0
FNDA:0,ApplicationsPanel
FNDA:0,(anonymous_1)
DA:2,0
DA:7,0
DA:18,0
DA:57,0
DA:66,0
DA:72,0
DA:78,0
LF:7
LH:0
BRF:0
BRH:0
end_of_record
TN:
SF:src\components\CreateOpportunityForm.jsx
FN:1,CreateOpportunityForm
FNF:1
FNH:1
FNDA:5,CreateOpportunityForm
DA:2,5
LF:1
LH:1
BRF:0
BRH:0
end_of_record
TN:
SF:src\components\ListingsPanel.jsx
FN:1,ListingsPanel
FN:17,(anonymous_1)
FNF:2
FNH:2
FNDA:5,ListingsPanel
FNDA:10,(anonymous_1)
DA:2,5
DA:7,5
DA:18,10
LF:3
LH:3
BRDA:44,0,0,5
BRDA:44,0,1,5
BRDA:48,1,0,5
BRDA:48,1,1,5
BRF:4
BRH:4
end_of_record
TN:
SF:src\components\Navbar.jsx
FN:1,Navbar
FNF:1
FNH:0
FNDA:0,Navbar
DA:2,0
LF:1
LH:0
BRF:0
BRH:0
end_of_record
TN:
SF:src\components\OverviewCards.jsx
FN:1,OverviewCards
FN:11,(anonymous_1)
FNF:2
FNH:2
FNDA:5,OverviewCards
FNDA:20,(anonymous_1)
DA:2,5
DA:9,5
DA:12,20
DA:39,1
LF:4
LH:4
BRF:0
BRH:0
end_of_record
TN:
SF:src\components\Sidebar.jsx
FN:1,Sidebar
FN:13,(anonymous_1)
FN:16,(anonymous_2)
FNF:3
FNH:3
FNDA:7,Sidebar
FNDA:28,(anonymous_1)
FNDA:4,(anonymous_2)
DA:2,7
DA:14,28
DA:16,4
LF:3
LH:3
BRF:0
BRH:0
end_of_record
TN:
SF:src\components\roleSelector.jsx
FNF:0
FNH:0
LF:0
LH:0
BRF:0
BRH:0
end_of_record
TN:
SF:src\components\signupAdmin.jsx
FN:5,SignupAdmin
FN:16,(anonymous_1)
FN:16,(anonymous_2)
FN:19,(anonymous_3)
FN:51,(anonymous_4)
FNF:5
FNH:0
FNDA:0,SignupAdmin
FNDA:0,(anonymous_1)
FNDA:0,(anonymous_2)
FNDA:0,(anonymous_3)
FNDA:0,(anonymous_4)
DA:6,0
DA:7,0
DA:9,0
DA:16,0
DA:17,0
DA:19,0
DA:20,0
DA:22,0
DA:23,0
DA:24,0
DA:27,0
DA:29,0
DA:30,0
DA:32,0
DA:41,0
DA:44,0
DA:45,0
DA:47,0
DA:51,0
DA:52,0
DA:54,0
DA:55,0
DA:56,0
DA:58,0
DA:59,0
DA:61,0
DA:65,0
LF:27
LH:0
BRDA:22,0,0,0
BRDA:22,0,1,0
BRDA:112,1,0,0
BRDA:112,1,1,0
BRDA:116,2,0,0
BRDA:116,2,1,0
BRF:6
BRH:0
end_of_record
TN:
SF:src\components\signupApplicant.jsx
FN:30,SignupApplicant
FN:43,(anonymous_1)
FN:43,(anonymous_2)
FN:46,(anonymous_3)
FN:77,(anonymous_4)
FN:145,(anonymous_5)
FN:159,(anonymous_6)
FNF:7
FNH:0
FNDA:0,SignupApplicant
FNDA:0,(anonymous_1)
FNDA:0,(anonymous_2)
FNDA:0,(anonymous_3)
FNDA:0,(anonymous_4)
FNDA:0,(anonymous_5)
FNDA:0,(anonymous_6)
DA:5,0
DA:18,0
DA:31,0
DA:40,0
DA:41,0
DA:43,0
DA:44,0
DA:46,0
DA:47,0
DA:49,0
DA:51,0
DA:52,0
DA:54,0
DA:66,0
DA:68,0
DA:70,0
DA:71,0
DA:73,0
DA:77,0
DA:78,0
DA:80,0
DA:81,0
DA:83,0
DA:85,0
DA:87,0
DA:88,0
DA:90,0
DA:94,0
DA:146,0
DA:160,0
LF:30
LH:0
BRDA:167,0,0,0
BRDA:167,0,1,0
BRDA:171,1,0,0
BRDA:171,1,1,0
BRF:4
BRH:0
end_of_record
TN:
SF:src\components\signupProvider.jsx
FN:16,SignupProvider
FN:30,(anonymous_1)
FN:30,(anonymous_2)
FN:33,(anonymous_3)
FN:64,(anonymous_4)
FN:110,(anonymous_5)
FN:120,(anonymous_6)
FNF:7
FNH:0
FNDA:0,SignupProvider
FNDA:0,(anonymous_1)
FNDA:0,(anonymous_2)
FNDA:0,(anonymous_3)
FNDA:0,(anonymous_4)
FNDA:0,(anonymous_5)
FNDA:0,(anonymous_6)
DA:5,0
DA:11,0
DA:17,0
DA:18,0
DA:20,0
DA:30,0
DA:31,0
DA:33,0
DA:34,0
DA:35,0
DA:37,0
DA:38,0
DA:40,0
DA:53,0
DA:55,0
DA:57,0
DA:58,0
DA:60,0
DA:64,0
DA:65,0
DA:67,0
DA:68,0
DA:70,0
DA:72,0
DA:74,0
DA:75,0
DA:77,0
DA:81,0
DA:111,0
DA:121,0
LF:30
LH:0
BRDA:162,0,0,0
BRDA:162,0,1,0
BRDA:166,1,0,0
BRDA:166,1,1,0
BRF:4
BRH:0
end_of_record
TN:
SF:src\components\admin\adminSidebar.jsx
FN:3,Sidebar
FN:6,(anonymous_1)
FNF:2
FNH:0
FNDA:0,Sidebar
FNDA:0,(anonymous_1)
DA:4,0
DA:6,0
DA:8,0
DA:45,0
LF:4
LH:0
BRDA:16,0,0,0
BRDA:16,0,1,0
BRDA:26,1,0,0
BRDA:26,1,1,0
BRDA:36,2,0,0
BRDA:36,2,1,0
BRF:6
BRH:0
end_of_record
TN:
SF:src\components\applicantDashboard\ApplicantProfile.jsx
FN:25,(anonymous_0)
FN:44,ApplicantProfile
FN:49,(anonymous_2)
FN:50,(anonymous_3)
FN:72,(anonymous_4)
FN:75,(anonymous_5)
FN:124,(anonymous_6)
FN:131,(anonymous_7)
FN:138,(anonymous_8)
FN:145,(anonymous_9)
FN:149,(anonymous_10)
FN:159,(anonymous_11)
FN:166,(anonymous_12)
FN:174,(anonymous_13)
FN:207,(anonymous_14)
FNF:15
FNH:0
FNDA:0,(anonymous_0)
FNDA:0,ApplicantProfile
FNDA:0,(anonymous_2)
FNDA:0,(anonymous_3)
FNDA:0,(anonymous_4)
FNDA:0,(anonymous_5)
FNDA:0,(anonymous_6)
FNDA:0,(anonymous_7)
FNDA:0,(anonymous_8)
FNDA:0,(anonymous_9)
FNDA:0,(anonymous_10)
FNDA:0,(anonymous_11)
FNDA:0,(anonymous_12)
FNDA:0,(anonymous_13)
FNDA:0,(anonymous_14)
DA:8,0
DA:13,0
DA:25,0
DA:26,0
DA:28,0
DA:35,0
DA:37,0
DA:41,0
DA:45,0
DA:46,0
DA:47,0
DA:49,0
DA:50,0
DA:51,0
DA:52,0
DA:53,0
DA:54,0
DA:56,0
DA:57,0
DA:62,0
DA:65,0
DA:68,0
DA:72,0
DA:75,0
DA:76,0
DA:77,0
DA:78,0
DA:79,0
DA:82,0
DA:84,0
DA:85,0
DA:86,0
DA:89,0
DA:90,0
DA:92,0
DA:102,0
DA:103,0
DA:104,0
DA:106,0
DA:107,0
DA:111,0
DA:113,0
DA:124,0
DA:131,0
DA:138,0
DA:145,0
DA:150,0
DA:159,0
DA:166,0
DA:174,0
DA:207,0
LF:51
LH:0
BRDA:35,0,0,0
BRDA:35,0,1,0
BRDA:51,1,0,0
BRDA:51,1,1,0
BRDA:56,2,0,0
BRDA:56,2,1,0
BRDA:77,3,0,0
BRDA:77,3,1,0
BRDA:84,4,0,0
BRDA:84,4,1,0
BRDA:111,5,0,0
BRDA:111,5,1,0
BRDA:117,6,0,0
BRDA:117,6,1,0
BRDA:123,7,0,0
BRDA:123,7,1,0
BRDA:130,8,0,0
BRDA:130,8,1,0
BRDA:137,9,0,0
BRDA:137,9,1,0
BRDA:144,10,0,0
BRDA:144,10,1,0
BRDA:158,11,0,0
BRDA:158,11,1,0
BRDA:165,12,0,0
BRDA:165,12,1,0
BRDA:194,13,0,0
BRDA:194,13,1,0
BRF:28
BRH:0
end_of_record
TN:
SF:src\components\applicantDashboard\CreateProfile.jsx
FN:14,(anonymous_0)
FN:33,CreateProfile
FN:45,(anonymous_2)
FN:47,(anonymous_3)
FN:53,(anonymous_4)
FNF:5
FNH:0
FNDA:0,(anonymous_0)
FNDA:0,CreateProfile
FNDA:0,(anonymous_2)
FNDA:0,(anonymous_3)
FNDA:0,(anonymous_4)
DA:9,0
DA:14,0
DA:15,0
DA:17,0
DA:24,0
DA:26,0
DA:30,0
DA:34,0
DA:43,0
DA:45,0
DA:46,0
DA:47,0
DA:53,0
DA:54,0
DA:56,0
DA:57,0
DA:59,0
DA:60,0
DA:61,0
DA:64,0
DA:66,0
DA:67,0
DA:70,0
DA:84,0
DA:85,0
DA:87,0
DA:88,0
DA:92,0
LF:28
LH:0
BRDA:24,0,0,0
BRDA:24,0,1,0
BRDA:49,1,0,0
BRDA:49,1,1,0
BRDA:59,2,0,0
BRDA:59,2,1,0
BRDA:66,3,0,0
BRDA:66,3,1,0
BRF:8
BRH:0
end_of_record
TN:
SF:src\components\applicantDashboard\Dashboard.jsx
FN:9,Dashboard
FN:13,(anonymous_1)
FN:14,(anonymous_2)
FN:16,(anonymous_3)
FN:36,(anonymous_4)
FNF:5
FNH:5
FNDA:11,Dashboard
FNDA:6,(anonymous_1)
FNDA:6,(anonymous_2)
FNDA:2,(anonymous_3)
FNDA:1,(anonymous_4)
DA:10,11
DA:11,11
DA:13,11
DA:14,6
DA:15,6
DA:16,6
DA:20,6
DA:23,6
DA:26,11
DA:36,1
LF:10
LH:10
BRF:0
BRH:0
end_of_record
TN:
SF:src\components\applicantDashboard\MyApplications.jsx
FN:19,ProgressTracker
FN:26,(anonymous_1)
FN:58,MyApplications
FN:62,(anonymous_3)
FN:65,(anonymous_4)
FN:74,(anonymous_5)
FN:75,(anonymous_6)
FN:92,(anonymous_7)
FN:99,(anonymous_8)
FN:130,(anonymous_9)
FNF:10
FNH:9
FNDA:22,ProgressTracker
FNDA:88,(anonymous_1)
FNDA:26,MyApplications
FNDA:10,(anonymous_3)
FNDA:10,(anonymous_4)
FNDA:9,(anonymous_5)
FNDA:13,(anonymous_6)
FNDA:10,(anonymous_7)
FNDA:0,(anonymous_8)
FNDA:22,(anonymous_9)
DA:16,1
DA:20,22
DA:21,22
DA:22,22
DA:24,22
DA:27,88
DA:59,26
DA:60,26
DA:62,26
DA:63,10
DA:65,10
DA:66,10
DA:69,9
DA:74,9
DA:75,13
DA:80,9
DA:84,9
DA:85,9
DA:87,9
DA:88,9
DA:92,10
DA:93,10
DA:94,10
DA:99,26
DA:100,0
DA:103,0
DA:104,0
DA:106,0
DA:109,0
DA:110,0
DA:115,0
DA:119,26
DA:131,22
LF:33
LH:26
BRDA:19,0,0,0
BRDA:19,1,0,0
BRDA:30,2,0,56
BRDA:30,2,1,32
BRDA:32,3,0,2
BRDA:32,3,1,86
BRDA:32,4,0,88
BRDA:32,4,1,22
BRDA:34,5,0,2
BRDA:34,5,1,84
BRDA:34,6,0,86
BRDA:34,6,1,20
BRDA:36,7,0,2
BRDA:36,7,1,82
BRDA:36,8,0,84
BRDA:36,8,1,18
BRDA:42,9,0,22
BRDA:42,9,1,66
BRDA:43,10,0,2
BRDA:43,10,1,20
BRDA:45,11,0,2
BRDA:45,11,1,18
BRDA:47,12,0,2
BRDA:47,12,1,16
BRDA:66,13,0,1
BRDA:66,13,1,9
BRDA:87,14,0,9
BRDA:87,14,1,0
BRDA:88,15,0,9
BRDA:88,15,1,1
BRDA:94,16,0,9
BRDA:94,16,1,1
BRDA:103,17,0,0
BRDA:103,17,1,0
BRDA:103,18,0,0
BRDA:103,18,1,0
BRDA:136,19,0,22
BRDA:136,19,1,0
BRF:38
BRH:30
end_of_record
TN:
SF:src\components\applicantDashboard\OpportunityList.jsx
FN:15,OpportunityList
FN:21,(anonymous_1)
FN:22,(anonymous_2)
FN:26,(anonymous_3)
FN:29,(anonymous_4)
FN:33,(anonymous_5)
FN:34,(anonymous_6)
FN:40,(anonymous_7)
FN:54,(anonymous_8)
FN:57,(anonymous_9)
FN:65,(anonymous_10)
FN:77,(anonymous_11)
FN:84,(anonymous_12)
FN:123,(anonymous_13)
FN:147,(anonymous_14)
FN:149,(anonymous_15)
FN:152,(anonymous_16)
FN:174,(anonymous_17)
FNF:18
FNH:16
FNDA:25,OpportunityList
FNDA:8,(anonymous_1)
FNDA:8,(anonymous_2)
FNDA:8,(anonymous_3)
FNDA:9,(anonymous_4)
FNDA:8,(anonymous_5)
FNDA:8,(anonymous_6)
FNDA:16,(anonymous_7)
FNDA:9,(anonymous_8)
FNDA:1,(anonymous_9)
FNDA:0,(anonymous_10)
FNDA:2,(anonymous_11)
FNDA:0,(anonymous_12)
FNDA:1,(anonymous_13)
FNDA:16,(anonymous_14)
FNDA:2,(anonymous_15)
FNDA:15,(anonymous_16)
FNDA:2,(anonymous_17)
DA:16,25
DA:17,25
DA:18,25
DA:21,25
DA:22,8
DA:23,8
DA:26,8
DA:29,25
DA:30,9
DA:33,25
DA:34,8
DA:35,8
DA:36,8
DA:40,16
DA:45,8
DA:47,0
DA:51,8
DA:54,25
DA:55,9
DA:57,1
DA:58,1
DA:63,1
DA:65,1
DA:70,1
DA:73,1
DA:77,25
DA:78,2
DA:79,1
DA:80,1
DA:83,1
DA:84,0
DA:87,1
DA:88,0
DA:89,0
DA:92,1
DA:93,1
DA:100,1
DA:101,1
DA:103,1
DA:113,1
DA:123,1
DA:125,1
DA:126,1
DA:129,1
DA:131,0
DA:135,25
DA:148,16
DA:149,2
DA:153,15
DA:174,2
LF:50
LH:45
BRDA:55,0,0,8
BRDA:55,0,1,1
BRDA:78,1,0,1
BRDA:78,1,1,1
BRDA:87,2,0,0
BRDA:87,2,1,1
BRDA:125,3,0,1
BRDA:125,3,1,0
BRDA:161,4,0,15
BRDA:161,4,1,7
BRF:10
BRH:8
end_of_record
TN:
SF:src\context\AuthContext.jsx
FNF:0
FNH:0
LF:0
LH:0
BRF:0
BRH:0
end_of_record
TN:
SF:src\controllers\adminController.jsx
FN:8,(anonymous_0)
FN:10,(anonymous_1)
FN:11,(anonymous_2)
FNF:3
FNH:3
FNDA:7,(anonymous_0)
FNDA:28,(anonymous_1)
FNDA:28,(anonymous_2)
DA:1,1
DA:8,1
DA:9,7
DA:10,28
DA:11,28
DA:13,7
LF:6
LH:6
BRF:0
BRH:0
end_of_record
TN:
SF:src\pages\ProviderDashboard.jsx
FN:10,ProviderDashboard
FNF:1
FNH:0
FNDA:0,ProviderDashboard
DA:11,0
DA:13,0
LF:2
LH:0
BRDA:43,0,0,0
BRDA:43,0,1,0
BRDA:44,1,0,0
BRDA:44,1,1,0
BRDA:45,2,0,0
BRDA:45,2,1,0
BRDA:46,3,0,0
BRDA:46,3,1,0
BRF:8
BRH:0
end_of_record
TN:
SF:src\pages\loginPage.jsx
FN:9,LoginPage
FN:16,(anonymous_1)
FN:110,(anonymous_2)
FN:120,(anonymous_3)
FNF:4
FNH:4
FNDA:27,LoginPage
FNDA:6,(anonymous_1)
FNDA:5,(anonymous_2)
FNDA:5,(anonymous_3)
DA:10,27
DA:11,27
DA:12,27
DA:14,27
DA:16,27
DA:17,6
DA:19,6
DA:21,6
DA:23,6
DA:24,1
DA:25,1
DA:28,5
DA:30,5
DA:32,5
DA:38,4
DA:41,4
DA:43,4
DA:46,4
DA:47,1
DA:48,1
DA:49,1
DA:53,3
DA:54,1
DA:56,2
DA:57,1
DA:60,1
DA:64,1
DA:66,1
DA:67,1
DA:69,0
DA:73,5
DA:77,27
DA:110,5
DA:120,5
LF:34
LH:33
BRDA:23,0,0,1
BRDA:23,0,1,5
BRDA:23,1,0,6
BRDA:23,1,1,5
BRDA:46,2,0,1
BRDA:46,2,1,3
BRDA:53,3,0,1
BRDA:53,3,1,2
BRDA:56,4,0,1
BRDA:56,4,1,1
BRDA:66,5,0,1
BRDA:66,5,1,0
BRDA:126,6,0,5
BRDA:126,6,1,22
BRF:14
BRH:13
end_of_record
TN:
SF:src\pages\signupPage.jsx
FN:14,SignupPage
FN:50,(anonymous_1)
FN:57,(anonymous_2)
FNF:3
FNH:3
FNDA:7,SignupPage
FNDA:21,(anonymous_1)
FNDA:2,(anonymous_2)
DA:8,1
DA:15,7
DA:17,7
DA:23,7
DA:51,21
DA:57,2
LF:6
LH:6
BRDA:56,0,0,7
BRDA:56,0,1,14
BRF:2
BRH:2
end_of_record
TN:
SF:src\pages\admin\Opportunities.jsx
FN:7,Opportunities
FN:13,(anonymous_1)
FN:17,fetchOpportunities
FN:22,(anonymous_3)
FN:35,handleStatusChange
FN:38,(anonymous_5)
FN:39,(anonymous_6)
FN:49,(anonymous_7)
FN:51,(anonymous_8)
FN:83,(anonymous_9)
FN:86,(anonymous_10)
FN:117,(anonymous_11)
FN:137,(anonymous_12)
FN:146,(anonymous_13)
FN:158,(anonymous_14)
FN:169,(anonymous_15)
FNF:16
FNH:15
FNDA:45,Opportunities
FNDA:20,(anonymous_1)
FNDA:20,fetchOpportunities
FNDA:51,(anonymous_3)
FNDA:4,handleStatusChange
FNDA:3,(anonymous_5)
FNDA:9,(anonymous_6)
FNDA:9,(anonymous_7)
FNDA:69,(anonymous_8)
FNDA:96,(anonymous_9)
FNDA:3,(anonymous_10)
FNDA:63,(anonymous_11)
FNDA:2,(anonymous_12)
FNDA:1,(anonymous_13)
FNDA:0,(anonymous_14)
FNDA:1,(anonymous_15)
DA:8,45
DA:9,45
DA:10,45
DA:11,45
DA:13,45
DA:14,20
DA:18,20
DA:19,20
DA:20,20
DA:21,20
DA:22,51
DA:26,18
DA:28,1
DA:29,1
DA:31,19
DA:36,4
DA:37,4
DA:38,4
DA:39,9
DA:42,0
DA:43,0
DA:47,45
DA:49,9
DA:51,69
DA:53,45
DA:54,20
DA:61,25
DA:62,1
DA:69,24
DA:84,96
DA:86,3
DA:118,63
DA:137,2
DA:146,1
DA:158,0
DA:169,1
LF:36
LH:33
BRDA:39,0,0,3
BRDA:39,0,1,6
BRDA:47,1,0,42
BRDA:47,1,1,3
BRDA:53,2,0,20
BRDA:53,2,1,25
BRDA:61,3,0,1
BRDA:61,3,1,24
BRDA:88,4,0,24
BRDA:88,4,1,72
BRDA:99,5,0,1
BRDA:99,5,1,23
BRDA:100,6,0,1
BRDA:100,6,1,0
BRDA:132,7,0,63
BRDA:132,7,1,19
BRDA:154,8,0,63
BRDA:154,8,1,23
BRDA:165,9,0,63
BRDA:165,9,1,21
BRF:20
BRH:19
end_of_record
TN:
SF:src\pages\admin\Users.jsx
FN:7,Users
FN:14,(anonymous_1)
FN:18,fetchUsers
FN:23,(anonymous_3)
FN:39,(anonymous_4)
FN:42,(anonymous_5)
FN:49,(anonymous_6)
FN:50,(anonymous_7)
FN:51,(anonymous_8)
FN:54,formatDate
FN:117,(anonymous_10)
FN:123,(anonymous_11)
FN:126,(anonymous_12)
FN:161,(anonymous_13)
FNF:14
FNH:14
FNDA:59,Users
FNDA:25,(anonymous_1)
FNDA:25,fetchUsers
FNDA:82,(anonymous_3)
FNDA:20,(anonymous_4)
FNDA:110,(anonymous_5)
FNDA:122,(anonymous_6)
FNDA:122,(anonymous_7)
FNDA:122,(anonymous_8)
FNDA:93,formatDate
FNDA:6,(anonymous_10)
FNDA:132,(anonymous_11)
FNDA:4,(anonymous_12)
FNDA:93,(anonymous_13)
DA:8,59
DA:9,59
DA:10,59
DA:11,59
DA:12,59
DA:14,59
DA:15,25
DA:19,25
DA:20,25
DA:21,25
DA:22,25
DA:23,82
DA:27,23
DA:29,1
DA:30,1
DA:32,24
DA:37,59
DA:39,20
DA:42,59
DA:43,110
DA:44,110
DA:45,110
DA:49,122
DA:50,122
DA:51,122
DA:55,93
DA:56,93
DA:63,59
DA:64,25
DA:71,34
DA:72,1
DA:79,33
DA:117,6
DA:124,132
DA:126,4
DA:162,93
LF:36
LH:36
BRDA:37,0,0,54
BRDA:37,0,1,5
BRDA:45,1,0,110
BRDA:45,1,1,18
BRDA:55,2,0,0
BRDA:55,2,1,93
BRDA:63,3,0,25
BRDA:63,3,1,34
BRDA:71,4,0,1
BRDA:71,4,1,33
BRDA:128,5,0,33
BRDA:128,5,1,99
BRDA:140,6,0,2
BRDA:140,6,1,31
BRDA:142,7,0,2
BRDA:142,7,1,0
BRDA:143,8,0,1
BRDA:143,8,1,1
BRDA:174,9,0,93
BRDA:174,9,1,1
BRDA:175,10,0,93
BRDA:175,10,1,1
BRF:22
BRH:20
end_of_record
TN:
SF:src\pages\admin\adminDashboard.jsx
FN:5,AdminDashboard
FN:10,(anonymous_1)
FN:11,fetchStats
FNF:3
FNH:3
FNDA:10,AdminDashboard
FNDA:6,(anonymous_1)
FNDA:6,fetchStats
DA:6,10
DA:7,10
DA:8,10
DA:10,10
DA:12,6
DA:13,6
DA:14,4
DA:16,1
DA:17,1
DA:19,5
DA:23,6
DA:26,10
DA:27,4
DA:29,3
LF:14
LH:14
BRDA:26,0,0,6
BRDA:26,0,1,4
BRDA:27,1,0,1
BRDA:27,1,1,3
BRF:4
BRH:4
end_of_record
TN:
SF:src\pages\admin\adminLayout.jsx
FN:4,AdminLayout
FNF:1
FNH:0
FNDA:0,AdminLayout
DA:5,0
LF:1
LH:0
BRF:0
BRH:0
end_of_record
TN:
SF:src\router\AppRouter.jsx
FN:13,AppRouter
FNF:1
FNH:0
FNDA:0,AppRouter
DA:14,0
LF:1
LH:0
BRF:0
BRH:0
end_of_record
TN:
SF:src\routes\adminRoutes.jsx
FNF:0
FNH:0
DA:1,0
DA:2,0
DA:4,0
DA:6,0
DA:8,0
LF:5
LH:0
BRF:0
BRH:0
end_of_record
TN:
SF:src\routes\appRouter.jsx
FN:14,AppRouter
FNF:1
FNH:0
FNDA:0,AppRouter
DA:15,0
LF:1
LH:0
BRF:0
BRH:0
end_of_record
TN:
SF:src\services\api.js
FN:4,getAdminDashboard
FNF:1
FNH:0
FNDA:0,getAdminDashboard
DA:5,0
DA:6,0
DA:9,0
DA:15,0
DA:21,0
DA:22,0
LF:6
LH:0
BRF:0
BRH:0
end_of_record
TN:
SF:src\services\authService.js
FN:18,(anonymous_0)
FN:65,(anonymous_1)
FN:80,(anonymous_2)
FN:104,(anonymous_3)
FNF:4
FNH:0
FNDA:0,(anonymous_0)
FNDA:0,(anonymous_1)
FNDA:0,(anonymous_2)
FNDA:0,(anonymous_3)
DA:18,0
DA:24,0
DA:26,0
DA:27,0
DA:30,0
DA:31,0
DA:34,0
DA:40,0
DA:43,0
DA:45,0
DA:49,0
DA:57,0
DA:65,0
DA:66,0
DA:68,0
DA:69,0
DA:72,0
DA:80,0
DA:81,0
DA:87,0
DA:89,0
DA:91,0
DA:93,0
DA:104,0
DA:105,0
DA:107,0
DA:108,0
DA:110,0
DA:111,0
DA:113,0
DA:114,0
DA:122,0
LF:32
LH:0
BRDA:22,0,0,0
BRDA:26,1,0,0
BRDA:26,1,1,0
BRDA:26,2,0,0
BRDA:26,2,1,0
BRDA:26,2,2,0
BRDA:30,3,0,0
BRDA:30,3,1,0
BRDA:30,4,0,0
BRDA:30,4,1,0
BRDA:46,5,0,0
BRDA:46,5,1,0
BRDA:68,6,0,0
BRDA:68,6,1,0
BRDA:95,7,0,0
BRDA:95,7,1,0
BRDA:104,8,0,0
BRDA:113,9,0,0
BRDA:113,9,1,0
BRF:19
BRH:0
end_of_record
TN:
SF:src\services\firebase.js
FNF:0
FNH:0
DA:5,0
DA:14,0
DA:16,0
DA:17,0
DA:18,0
LF:5
LH:0
BRF:0
BRH:0
end_of_record
TN:
SF:src\services\userService.js
FN:4,(anonymous_0)
FNF:1
FNH:0
FNDA:0,(anonymous_0)
DA:4,0
DA:5,0
DA:6,0
DA:7,0
DA:9,0
DA:10,0
DA:13,0
DA:15,0
DA:16,0
LF:9
LH:0
BRDA:9,0,0,0
BRDA:9,0,1,0
BRF:2
BRH:0
end_of_record
TN:
SF:src\utils\formatDate.jsx
FNF:0
FNH:0
LF:0
LH:0
BRF:0
BRH:0
end_of_record
